[2026-01-14T05:44:18.133+0000] {taskinstance.py:1956} INFO - Dependencies all met for dep_context=non-requeueable deps ti=<TaskInstance: procurement_daily_pipeline_sequential.load_orders manual__2026-01-14T00:00:00+00:00 [queued]>
[2026-01-14T05:44:18.147+0000] {taskinstance.py:1956} INFO - Dependencies all met for dep_context=requeueable deps ti=<TaskInstance: procurement_daily_pipeline_sequential.load_orders manual__2026-01-14T00:00:00+00:00 [queued]>
[2026-01-14T05:44:18.148+0000] {taskinstance.py:2170} INFO - Starting attempt 1 of 3
[2026-01-14T05:44:18.160+0000] {taskinstance.py:2191} INFO - Executing <Task(PythonOperator): load_orders> on 2026-01-14 00:00:00+00:00
[2026-01-14T05:44:18.163+0000] {standard_task_runner.py:60} INFO - Started process 220 to run task
[2026-01-14T05:44:18.172+0000] {standard_task_runner.py:87} INFO - Running: ['airflow', 'tasks', 'run', 'procurement_daily_pipeline_sequential', 'load_orders', 'manual__2026-01-14T00:00:00+00:00', '--job-id', '47', '--raw', '--subdir', 'DAGS_FOLDER/pipeline.py', '--cfg-path', '/tmp/tmpipawzc1c']
[2026-01-14T05:44:18.177+0000] {standard_task_runner.py:88} INFO - Job 47: Subtask load_orders
[2026-01-14T05:44:18.223+0000] {task_command.py:423} INFO - Running <TaskInstance: procurement_daily_pipeline_sequential.load_orders manual__2026-01-14T00:00:00+00:00 [running]> on host db99c37ee18c
[2026-01-14T05:44:18.298+0000] {taskinstance.py:2480} INFO - Exporting env vars: AIRFLOW_CTX_DAG_OWNER='procurement_team' AIRFLOW_CTX_DAG_ID='procurement_daily_pipeline_sequential' AIRFLOW_CTX_TASK_ID='load_orders' AIRFLOW_CTX_EXECUTION_DATE='2026-01-14T00:00:00+00:00' AIRFLOW_CTX_TRY_NUMBER='1' AIRFLOW_CTX_DAG_RUN_ID='manual__2026-01-14T00:00:00+00:00'
[2026-01-14T05:44:18.300+0000] {pipeline.py:148} INFO - Loading orders to HDFS...
[2026-01-14T05:44:18.307+0000] {logging_mixin.py:188} WARNING - /home/airflow/.local/lib/python3.11/site-packages/airflow/utils/context.py:315 AirflowContextDeprecationWarning: Accessing 'execution_date' from the template is deprecated and will be removed in a future version. Please use 'data_interval_start' or 'logical_date' instead.
[2026-01-14T05:44:18.318+0000] {base.py:83} INFO - Using connection ID 'hdfs_default' for task execution.
[2026-01-14T05:44:18.318+0000] {webhdfs.py:82} INFO - Trying to connect to namenode:9870
[2026-01-14T05:44:18.319+0000] {webhdfs.py:86} INFO - Trying namenode namenode
[2026-01-14T05:44:18.320+0000] {client.py:192} INFO - Instantiated <InsecureClient(url='http://namenode:9870')>.
[2026-01-14T05:44:18.321+0000] {client.py:320} INFO - Fetching status for '/'.
[2026-01-14T05:44:19.308+0000] {webhdfs.py:96} INFO - Using namenode namenode for hook
[2026-01-14T05:44:19.309+0000] {client.py:551} INFO - Uploading '/opt/airflow/data/raw/orders/14-01-2026/orders.csv' to '/procurement/raw/orders/14-01-2026/orders.csv'.
[2026-01-14T05:44:19.309+0000] {client.py:1116} INFO - Listing '/procurement/raw/orders/14-01-2026/orders.csv'.
[2026-01-14T05:44:19.321+0000] {client.py:496} INFO - Writing to '/procurement/raw/orders/14-01-2026/orders.csv.temp-1768369459317631'.
[2026-01-14T05:44:20.058+0000] {client.py:902} INFO - Deleting '/procurement/raw/orders/14-01-2026/orders.csv' recursively.
[2026-01-14T05:44:20.064+0000] {client.py:937} INFO - Renaming '/procurement/raw/orders/14-01-2026/orders.csv.temp-1768369459317631' to '/procurement/raw/orders/14-01-2026/orders.csv'.
[2026-01-14T05:44:20.109+0000] {python.py:201} INFO - Done. Returned value was: {'status': 'success', 'hdfs_path': '/procurement/raw/orders/14-01-2026/orders.csv'}
[2026-01-14T05:44:20.132+0000] {taskinstance.py:1138} INFO - Marking task as SUCCESS. dag_id=procurement_daily_pipeline_sequential, task_id=load_orders, execution_date=20260114T000000, start_date=20260114T054418, end_date=20260114T054420
[2026-01-14T05:44:20.177+0000] {local_task_job_runner.py:234} INFO - Task exited with return code 0
[2026-01-14T05:44:20.200+0000] {taskinstance.py:3280} INFO - 1 downstream tasks scheduled from follow-on schedule check
