[2026-01-14T06:11:55.362+0000] {taskinstance.py:1956} INFO - Dependencies all met for dep_context=non-requeueable deps ti=<TaskInstance: procurement_daily_pipeline_sequential.generate_supplier_orders manual__2026-01-14T06:11:45.802052+00:00 [queued]>
[2026-01-14T06:11:55.369+0000] {taskinstance.py:1956} INFO - Dependencies all met for dep_context=requeueable deps ti=<TaskInstance: procurement_daily_pipeline_sequential.generate_supplier_orders manual__2026-01-14T06:11:45.802052+00:00 [queued]>
[2026-01-14T06:11:55.370+0000] {taskinstance.py:2170} INFO - Starting attempt 1 of 3
[2026-01-14T06:11:55.378+0000] {taskinstance.py:2191} INFO - Executing <Task(PythonOperator): generate_supplier_orders> on 2026-01-14 06:11:45.802052+00:00
[2026-01-14T06:11:55.382+0000] {standard_task_runner.py:60} INFO - Started process 538 to run task
[2026-01-14T06:11:55.384+0000] {standard_task_runner.py:87} INFO - Running: ['airflow', 'tasks', 'run', 'procurement_daily_pipeline_sequential', 'generate_supplier_orders', 'manual__2026-01-14T06:11:45.802052+00:00', '--job-id', '78', '--raw', '--subdir', 'DAGS_FOLDER/pipeline.py', '--cfg-path', '/tmp/tmpcxsb_210']
[2026-01-14T06:11:55.386+0000] {standard_task_runner.py:88} INFO - Job 78: Subtask generate_supplier_orders
[2026-01-14T06:11:55.417+0000] {task_command.py:423} INFO - Running <TaskInstance: procurement_daily_pipeline_sequential.generate_supplier_orders manual__2026-01-14T06:11:45.802052+00:00 [running]> on host 400ff770cba1
[2026-01-14T06:11:55.471+0000] {taskinstance.py:2480} INFO - Exporting env vars: AIRFLOW_CTX_DAG_OWNER='procurement_team' AIRFLOW_CTX_DAG_ID='procurement_daily_pipeline_sequential' AIRFLOW_CTX_TASK_ID='generate_supplier_orders' AIRFLOW_CTX_EXECUTION_DATE='2026-01-14T06:11:45.802052+00:00' AIRFLOW_CTX_TRY_NUMBER='1' AIRFLOW_CTX_DAG_RUN_ID='manual__2026-01-14T06:11:45.802052+00:00'
[2026-01-14T06:11:55.471+0000] {pipeline.py:605} INFO - Generating supplier orders using Trino...
[2026-01-14T06:11:55.474+0000] {logging_mixin.py:188} WARNING - /home/airflow/.local/lib/python3.11/site-packages/airflow/utils/context.py:315 AirflowContextDeprecationWarning: Accessing 'execution_date' from the template is deprecated and will be removed in a future version. Please use 'data_interval_start' or 'logical_date' instead.
[2026-01-14T06:11:55.932+0000] {base.py:83} INFO - Using connection ID 'hdfs_default' for task execution.
[2026-01-14T06:11:55.932+0000] {webhdfs.py:82} INFO - Trying to connect to namenode:9870
[2026-01-14T06:11:55.933+0000] {webhdfs.py:86} INFO - Trying namenode namenode
[2026-01-14T06:11:55.934+0000] {client.py:192} INFO - Instantiated <InsecureClient(url='http://namenode:9870')>.
[2026-01-14T06:11:55.934+0000] {client.py:320} INFO - Fetching status for '/'.
[2026-01-14T06:11:55.938+0000] {webhdfs.py:96} INFO - Using namenode namenode for hook
[2026-01-14T06:11:55.939+0000] {client.py:551} INFO - Uploading '/opt/airflow/data/temp/supplier_orders/14-01-2026/supplier_orders.json' to '/procurement/output/supplier_orders/14-01-2026/supplier_orders.json'.
[2026-01-14T06:11:55.939+0000] {client.py:1116} INFO - Listing '/procurement/output/supplier_orders/14-01-2026/supplier_orders.json'.
[2026-01-14T06:11:55.945+0000] {client.py:496} INFO - Writing to '/procurement/output/supplier_orders/14-01-2026/supplier_orders.json'.
[2026-01-14T06:11:55.975+0000] {base.py:83} INFO - Using connection ID 'hdfs_default' for task execution.
[2026-01-14T06:11:55.976+0000] {webhdfs.py:82} INFO - Trying to connect to namenode:9870
[2026-01-14T06:11:55.976+0000] {webhdfs.py:86} INFO - Trying namenode namenode
[2026-01-14T06:11:55.977+0000] {client.py:192} INFO - Instantiated <InsecureClient(url='http://namenode:9870')>.
[2026-01-14T06:11:55.977+0000] {client.py:320} INFO - Fetching status for '/'.
[2026-01-14T06:11:55.980+0000] {webhdfs.py:96} INFO - Using namenode namenode for hook
[2026-01-14T06:11:55.981+0000] {client.py:551} INFO - Uploading '/opt/airflow/data/temp/supplier_orders/14-01-2026/supplier_orders.csv' to '/procurement/output/supplier_orders/14-01-2026/supplier_orders.csv'.
[2026-01-14T06:11:55.981+0000] {client.py:1116} INFO - Listing '/procurement/output/supplier_orders/14-01-2026/supplier_orders.csv'.
[2026-01-14T06:11:55.987+0000] {client.py:496} INFO - Writing to '/procurement/output/supplier_orders/14-01-2026/supplier_orders.csv'.
[2026-01-14T06:11:56.025+0000] {base.py:83} INFO - Using connection ID 'hdfs_default' for task execution.
[2026-01-14T06:11:56.025+0000] {webhdfs.py:82} INFO - Trying to connect to namenode:9870
[2026-01-14T06:11:56.026+0000] {webhdfs.py:86} INFO - Trying namenode namenode
[2026-01-14T06:11:56.026+0000] {client.py:192} INFO - Instantiated <InsecureClient(url='http://namenode:9870')>.
[2026-01-14T06:11:56.027+0000] {client.py:320} INFO - Fetching status for '/'.
[2026-01-14T06:11:56.031+0000] {webhdfs.py:96} INFO - Using namenode namenode for hook
[2026-01-14T06:11:56.031+0000] {client.py:551} INFO - Uploading '/opt/airflow/data/temp/logs/tasks/14-01-2026/generate_supplier_orders_with_trino_20260114_061156.json' to '/procurement/logs/tasks/14-01-2026/generate_supplier_orders_with_trino_20260114_061156.json'.
[2026-01-14T06:11:56.032+0000] {client.py:1116} INFO - Listing '/procurement/logs/tasks/14-01-2026/generate_supplier_orders_with_trino_20260114_061156.json'.
[2026-01-14T06:11:56.038+0000] {client.py:496} INFO - Writing to '/procurement/logs/tasks/14-01-2026/generate_supplier_orders_with_trino_20260114_061156.json'.
[2026-01-14T06:11:56.082+0000] {python.py:201} INFO - Done. Returned value was: {'status': 'success', 'orders_generated': 348, 'total_cost': 2631239.6999999997}
[2026-01-14T06:11:56.094+0000] {taskinstance.py:1138} INFO - Marking task as SUCCESS. dag_id=procurement_daily_pipeline_sequential, task_id=generate_supplier_orders, execution_date=20260114T061145, start_date=20260114T061155, end_date=20260114T061156
[2026-01-14T06:11:56.120+0000] {local_task_job_runner.py:234} INFO - Task exited with return code 0
[2026-01-14T06:11:56.132+0000] {taskinstance.py:3280} INFO - 0 downstream tasks scheduled from follow-on schedule check
