[2026-01-14T06:11:56.403+0000] {taskinstance.py:1956} INFO - Dependencies all met for dep_context=non-requeueable deps ti=<TaskInstance: procurement_daily_pipeline_sequential.generate_summary manual__2026-01-14T06:11:45.802052+00:00 [queued]>
[2026-01-14T06:11:56.408+0000] {taskinstance.py:1956} INFO - Dependencies all met for dep_context=requeueable deps ti=<TaskInstance: procurement_daily_pipeline_sequential.generate_summary manual__2026-01-14T06:11:45.802052+00:00 [queued]>
[2026-01-14T06:11:56.409+0000] {taskinstance.py:2170} INFO - Starting attempt 1 of 3
[2026-01-14T06:11:56.416+0000] {taskinstance.py:2191} INFO - Executing <Task(PythonOperator): generate_summary> on 2026-01-14 06:11:45.802052+00:00
[2026-01-14T06:11:56.420+0000] {standard_task_runner.py:60} INFO - Started process 540 to run task
[2026-01-14T06:11:56.422+0000] {standard_task_runner.py:87} INFO - Running: ['airflow', 'tasks', 'run', 'procurement_daily_pipeline_sequential', 'generate_summary', 'manual__2026-01-14T06:11:45.802052+00:00', '--job-id', '79', '--raw', '--subdir', 'DAGS_FOLDER/pipeline.py', '--cfg-path', '/tmp/tmpkpqm_yrl']
[2026-01-14T06:11:56.424+0000] {standard_task_runner.py:88} INFO - Job 79: Subtask generate_summary
[2026-01-14T06:11:56.452+0000] {task_command.py:423} INFO - Running <TaskInstance: procurement_daily_pipeline_sequential.generate_summary manual__2026-01-14T06:11:45.802052+00:00 [running]> on host 400ff770cba1
[2026-01-14T06:11:56.500+0000] {taskinstance.py:2480} INFO - Exporting env vars: AIRFLOW_CTX_DAG_OWNER='procurement_team' AIRFLOW_CTX_DAG_ID='procurement_daily_pipeline_sequential' AIRFLOW_CTX_TASK_ID='generate_summary' AIRFLOW_CTX_EXECUTION_DATE='2026-01-14T06:11:45.802052+00:00' AIRFLOW_CTX_TRY_NUMBER='1' AIRFLOW_CTX_DAG_RUN_ID='manual__2026-01-14T06:11:45.802052+00:00'
[2026-01-14T06:11:56.501+0000] {pipeline.py:744} INFO - Generating pipeline summary...
[2026-01-14T06:11:56.504+0000] {logging_mixin.py:188} WARNING - /home/airflow/.local/lib/python3.11/site-packages/airflow/utils/context.py:315 AirflowContextDeprecationWarning: Accessing 'execution_date' from the template is deprecated and will be removed in a future version. Please use 'data_interval_start' or 'logical_date' instead.
[2026-01-14T06:11:56.550+0000] {base.py:83} INFO - Using connection ID 'hdfs_default' for task execution.
[2026-01-14T06:11:56.551+0000] {webhdfs.py:82} INFO - Trying to connect to namenode:9870
[2026-01-14T06:11:56.551+0000] {webhdfs.py:86} INFO - Trying namenode namenode
[2026-01-14T06:11:56.552+0000] {client.py:192} INFO - Instantiated <InsecureClient(url='http://namenode:9870')>.
[2026-01-14T06:11:56.553+0000] {client.py:320} INFO - Fetching status for '/'.
[2026-01-14T06:11:56.559+0000] {webhdfs.py:96} INFO - Using namenode namenode for hook
[2026-01-14T06:11:56.560+0000] {client.py:551} INFO - Uploading '/opt/airflow/data/temp/pipeline_summary/summary_14-01-2026.json' to '/procurement/logs/summaries/summary_14-01-2026.json'.
[2026-01-14T06:11:56.560+0000] {client.py:1116} INFO - Listing '/procurement/logs/summaries/summary_14-01-2026.json'.
[2026-01-14T06:11:56.566+0000] {client.py:496} INFO - Writing to '/procurement/logs/summaries/summary_14-01-2026.json'.
[2026-01-14T06:11:56.587+0000] {pipeline.py:793} INFO - ======================================================================
[2026-01-14T06:11:56.587+0000] {pipeline.py:794} INFO - PIPELINE SUMMARY
[2026-01-14T06:11:56.587+0000] {pipeline.py:795} INFO - ======================================================================
[2026-01-14T06:11:56.588+0000] {pipeline.py:796} INFO - Orders in Hive: 1000
[2026-01-14T06:11:56.588+0000] {pipeline.py:797} INFO - Supplier Orders: 348
[2026-01-14T06:11:56.588+0000] {pipeline.py:798} INFO - Total Cost: 2,631,239.70 MAD
[2026-01-14T06:11:56.588+0000] {pipeline.py:799} INFO - Summary stored at: /procurement/logs/summaries/summary_14-01-2026.json
[2026-01-14T06:11:56.588+0000] {pipeline.py:800} INFO - ======================================================================
[2026-01-14T06:11:56.589+0000] {python.py:201} INFO - Done. Returned value was: {'status': 'success', 'summary_file': '/procurement/logs/summaries/summary_14-01-2026.json'}
[2026-01-14T06:11:56.602+0000] {taskinstance.py:1138} INFO - Marking task as SUCCESS. dag_id=procurement_daily_pipeline_sequential, task_id=generate_summary, execution_date=20260114T061145, start_date=20260114T061156, end_date=20260114T061156
[2026-01-14T06:11:56.635+0000] {local_task_job_runner.py:234} INFO - Task exited with return code 0
[2026-01-14T06:11:56.646+0000] {taskinstance.py:3280} INFO - 0 downstream tasks scheduled from follow-on schedule check
