[2026-01-14T06:11:49.966+0000] {taskinstance.py:1956} INFO - Dependencies all met for dep_context=non-requeueable deps ti=<TaskInstance: procurement_daily_pipeline_sequential.store_snapshots manual__2026-01-14T06:11:45.802052+00:00 [queued]>
[2026-01-14T06:11:49.971+0000] {taskinstance.py:1956} INFO - Dependencies all met for dep_context=requeueable deps ti=<TaskInstance: procurement_daily_pipeline_sequential.store_snapshots manual__2026-01-14T06:11:45.802052+00:00 [queued]>
[2026-01-14T06:11:49.971+0000] {taskinstance.py:2170} INFO - Starting attempt 1 of 3
[2026-01-14T06:11:49.979+0000] {taskinstance.py:2191} INFO - Executing <Task(PythonOperator): store_snapshots> on 2026-01-14 06:11:45.802052+00:00
[2026-01-14T06:11:49.983+0000] {standard_task_runner.py:60} INFO - Started process 523 to run task
[2026-01-14T06:11:49.985+0000] {standard_task_runner.py:87} INFO - Running: ['airflow', 'tasks', 'run', 'procurement_daily_pipeline_sequential', 'store_snapshots', 'manual__2026-01-14T06:11:45.802052+00:00', '--job-id', '74', '--raw', '--subdir', 'DAGS_FOLDER/pipeline.py', '--cfg-path', '/tmp/tmpuagosi7q']
[2026-01-14T06:11:49.987+0000] {standard_task_runner.py:88} INFO - Job 74: Subtask store_snapshots
[2026-01-14T06:11:50.018+0000] {task_command.py:423} INFO - Running <TaskInstance: procurement_daily_pipeline_sequential.store_snapshots manual__2026-01-14T06:11:45.802052+00:00 [running]> on host 400ff770cba1
[2026-01-14T06:11:50.068+0000] {taskinstance.py:2480} INFO - Exporting env vars: AIRFLOW_CTX_DAG_OWNER='procurement_team' AIRFLOW_CTX_DAG_ID='procurement_daily_pipeline_sequential' AIRFLOW_CTX_TASK_ID='store_snapshots' AIRFLOW_CTX_EXECUTION_DATE='2026-01-14T06:11:45.802052+00:00' AIRFLOW_CTX_TRY_NUMBER='1' AIRFLOW_CTX_DAG_RUN_ID='manual__2026-01-14T06:11:45.802052+00:00'
[2026-01-14T06:11:50.069+0000] {pipeline.py:258} INFO - Storing snapshots to Cassandra...
[2026-01-14T06:11:50.072+0000] {logging_mixin.py:188} WARNING - /home/airflow/.local/lib/python3.11/site-packages/airflow/utils/context.py:315 AirflowContextDeprecationWarning: Accessing 'execution_date' from the template is deprecated and will be removed in a future version. Please use 'data_interval_start' or 'logical_date' instead.
[2026-01-14T06:11:50.082+0000] {base.py:83} INFO - Using connection ID 'cassandra_default' for task execution.
[2026-01-14T06:11:50.086+0000] {cluster.py:1701} WARNING - Downgrading core protocol version from 66 to 65 for 172.18.0.2:9042. To avoid this, it is best practice to explicitly set Cluster(protocol_version) to the version supported by your cluster. https://docs.datastax.com/en/developer/python-driver/latest/api/cassandra/cluster.html#cassandra.cluster.Cluster.protocol_version
[2026-01-14T06:11:50.088+0000] {cluster.py:1701} WARNING - Downgrading core protocol version from 65 to 5 for 172.18.0.2:9042. To avoid this, it is best practice to explicitly set Cluster(protocol_version) to the version supported by your cluster. https://docs.datastax.com/en/developer/python-driver/latest/api/cassandra/cluster.html#cassandra.cluster.Cluster.protocol_version
[2026-01-14T06:11:50.093+0000] {cluster.py:2115} INFO - New Cassandra host <Host: 172.18.0.12:9042 dc1> discovered
[2026-01-14T06:11:50.376+0000] {base.py:83} INFO - Using connection ID 'hdfs_default' for task execution.
[2026-01-14T06:11:50.377+0000] {webhdfs.py:82} INFO - Trying to connect to namenode:9870
[2026-01-14T06:11:50.377+0000] {webhdfs.py:86} INFO - Trying namenode namenode
[2026-01-14T06:11:50.378+0000] {client.py:192} INFO - Instantiated <InsecureClient(url='http://namenode:9870')>.
[2026-01-14T06:11:50.378+0000] {client.py:320} INFO - Fetching status for '/'.
[2026-01-14T06:11:50.385+0000] {webhdfs.py:96} INFO - Using namenode namenode for hook
[2026-01-14T06:11:50.386+0000] {client.py:551} INFO - Uploading '/opt/airflow/data/temp/logs/tasks/14-01-2026/store_snapshots_to_cassandra_20260114_061150.json' to '/procurement/logs/tasks/14-01-2026/store_snapshots_to_cassandra_20260114_061150.json'.
[2026-01-14T06:11:50.386+0000] {client.py:1116} INFO - Listing '/procurement/logs/tasks/14-01-2026/store_snapshots_to_cassandra_20260114_061150.json'.
[2026-01-14T06:11:50.394+0000] {client.py:496} INFO - Writing to '/procurement/logs/tasks/14-01-2026/store_snapshots_to_cassandra_20260114_061150.json'.
[2026-01-14T06:11:50.445+0000] {python.py:201} INFO - Done. Returned value was: {'status': 'success', 'inserted_count': 266}
[2026-01-14T06:11:50.458+0000] {taskinstance.py:1138} INFO - Marking task as SUCCESS. dag_id=procurement_daily_pipeline_sequential, task_id=store_snapshots, execution_date=20260114T061145, start_date=20260114T061149, end_date=20260114T061150
[2026-01-14T06:11:50.478+0000] {local_task_job_runner.py:234} INFO - Task exited with return code 0
[2026-01-14T06:11:50.494+0000] {taskinstance.py:3280} INFO - 1 downstream tasks scheduled from follow-on schedule check
