[2026-01-14T06:11:53.914+0000] {taskinstance.py:1956} INFO - Dependencies all met for dep_context=non-requeueable deps ti=<TaskInstance: procurement_daily_pipeline_sequential.calculate_net_demand manual__2026-01-14T06:11:45.802052+00:00 [queued]>
[2026-01-14T06:11:53.921+0000] {taskinstance.py:1956} INFO - Dependencies all met for dep_context=requeueable deps ti=<TaskInstance: procurement_daily_pipeline_sequential.calculate_net_demand manual__2026-01-14T06:11:45.802052+00:00 [queued]>
[2026-01-14T06:11:53.921+0000] {taskinstance.py:2170} INFO - Starting attempt 1 of 3
[2026-01-14T06:11:53.929+0000] {taskinstance.py:2191} INFO - Executing <Task(PythonOperator): calculate_net_demand> on 2026-01-14 06:11:45.802052+00:00
[2026-01-14T06:11:53.932+0000] {standard_task_runner.py:60} INFO - Started process 536 to run task
[2026-01-14T06:11:53.936+0000] {standard_task_runner.py:87} INFO - Running: ['airflow', 'tasks', 'run', 'procurement_daily_pipeline_sequential', 'calculate_net_demand', 'manual__2026-01-14T06:11:45.802052+00:00', '--job-id', '77', '--raw', '--subdir', 'DAGS_FOLDER/pipeline.py', '--cfg-path', '/tmp/tmpeo124s73']
[2026-01-14T06:11:53.938+0000] {standard_task_runner.py:88} INFO - Job 77: Subtask calculate_net_demand
[2026-01-14T06:11:53.973+0000] {task_command.py:423} INFO - Running <TaskInstance: procurement_daily_pipeline_sequential.calculate_net_demand manual__2026-01-14T06:11:45.802052+00:00 [running]> on host 400ff770cba1
[2026-01-14T06:11:54.020+0000] {taskinstance.py:2480} INFO - Exporting env vars: AIRFLOW_CTX_DAG_OWNER='procurement_team' AIRFLOW_CTX_DAG_ID='procurement_daily_pipeline_sequential' AIRFLOW_CTX_TASK_ID='calculate_net_demand' AIRFLOW_CTX_EXECUTION_DATE='2026-01-14T06:11:45.802052+00:00' AIRFLOW_CTX_TRY_NUMBER='1' AIRFLOW_CTX_DAG_RUN_ID='manual__2026-01-14T06:11:45.802052+00:00'
[2026-01-14T06:11:54.021+0000] {pipeline.py:484} INFO - Calculating net demand using Trino...
[2026-01-14T06:11:54.024+0000] {logging_mixin.py:188} WARNING - /home/airflow/.local/lib/python3.11/site-packages/airflow/utils/context.py:315 AirflowContextDeprecationWarning: Accessing 'execution_date' from the template is deprecated and will be removed in a future version. Please use 'data_interval_start' or 'logical_date' instead.
[2026-01-14T06:11:54.399+0000] {base.py:83} INFO - Using connection ID 'hdfs_default' for task execution.
[2026-01-14T06:11:54.400+0000] {webhdfs.py:82} INFO - Trying to connect to namenode:9870
[2026-01-14T06:11:54.402+0000] {webhdfs.py:86} INFO - Trying namenode namenode
[2026-01-14T06:11:54.403+0000] {client.py:192} INFO - Instantiated <InsecureClient(url='http://namenode:9870')>.
[2026-01-14T06:11:54.403+0000] {client.py:320} INFO - Fetching status for '/'.
[2026-01-14T06:11:54.408+0000] {webhdfs.py:96} INFO - Using namenode namenode for hook
[2026-01-14T06:11:54.409+0000] {client.py:551} INFO - Uploading '/opt/airflow/data/temp/net_demand/14-01-2026/net_demand.json' to '/procurement/processed/net_demand/14-01-2026/net_demand.json'.
[2026-01-14T06:11:54.409+0000] {client.py:1116} INFO - Listing '/procurement/processed/net_demand/14-01-2026/net_demand.json'.
[2026-01-14T06:11:54.416+0000] {client.py:496} INFO - Writing to '/procurement/processed/net_demand/14-01-2026/net_demand.json'.
[2026-01-14T06:11:54.476+0000] {base.py:83} INFO - Using connection ID 'hdfs_default' for task execution.
[2026-01-14T06:11:54.476+0000] {webhdfs.py:82} INFO - Trying to connect to namenode:9870
[2026-01-14T06:11:54.477+0000] {webhdfs.py:86} INFO - Trying namenode namenode
[2026-01-14T06:11:54.477+0000] {client.py:192} INFO - Instantiated <InsecureClient(url='http://namenode:9870')>.
[2026-01-14T06:11:54.478+0000] {client.py:320} INFO - Fetching status for '/'.
[2026-01-14T06:11:54.481+0000] {webhdfs.py:96} INFO - Using namenode namenode for hook
[2026-01-14T06:11:54.482+0000] {client.py:551} INFO - Uploading '/opt/airflow/data/temp/net_demand/14-01-2026/net_demand.csv' to '/procurement/processed/net_demand/14-01-2026/net_demand.csv'.
[2026-01-14T06:11:54.482+0000] {client.py:1116} INFO - Listing '/procurement/processed/net_demand/14-01-2026/net_demand.csv'.
[2026-01-14T06:11:54.488+0000] {client.py:496} INFO - Writing to '/procurement/processed/net_demand/14-01-2026/net_demand.csv'.
[2026-01-14T06:11:54.520+0000] {base.py:83} INFO - Using connection ID 'hdfs_default' for task execution.
[2026-01-14T06:11:54.520+0000] {webhdfs.py:82} INFO - Trying to connect to namenode:9870
[2026-01-14T06:11:54.521+0000] {webhdfs.py:86} INFO - Trying namenode namenode
[2026-01-14T06:11:54.521+0000] {client.py:192} INFO - Instantiated <InsecureClient(url='http://namenode:9870')>.
[2026-01-14T06:11:54.522+0000] {client.py:320} INFO - Fetching status for '/'.
[2026-01-14T06:11:54.526+0000] {webhdfs.py:96} INFO - Using namenode namenode for hook
[2026-01-14T06:11:54.526+0000] {client.py:551} INFO - Uploading '/opt/airflow/data/temp/logs/tasks/14-01-2026/calculate_net_demand_with_trino_20260114_061154.json' to '/procurement/logs/tasks/14-01-2026/calculate_net_demand_with_trino_20260114_061154.json'.
[2026-01-14T06:11:54.526+0000] {client.py:1116} INFO - Listing '/procurement/logs/tasks/14-01-2026/calculate_net_demand_with_trino_20260114_061154.json'.
[2026-01-14T06:11:54.533+0000] {client.py:496} INFO - Writing to '/procurement/logs/tasks/14-01-2026/calculate_net_demand_with_trino_20260114_061154.json'.
[2026-01-14T06:11:54.584+0000] {python.py:201} INFO - Done. Returned value was: {'status': 'success', 'net_demand_items': 348}
[2026-01-14T06:11:54.595+0000] {taskinstance.py:1138} INFO - Marking task as SUCCESS. dag_id=procurement_daily_pipeline_sequential, task_id=calculate_net_demand, execution_date=20260114T061145, start_date=20260114T061153, end_date=20260114T061154
[2026-01-14T06:11:54.632+0000] {local_task_job_runner.py:234} INFO - Task exited with return code 0
[2026-01-14T06:11:54.649+0000] {taskinstance.py:3280} INFO - 1 downstream tasks scheduled from follow-on schedule check
