[2026-01-14T05:57:10.074+0000] {taskinstance.py:1956} INFO - Dependencies all met for dep_context=non-requeueable deps ti=<TaskInstance: procurement_daily_pipeline_sequential.generate_summary manual__2026-01-14T05:56:59.499072+00:00 [queued]>
[2026-01-14T05:57:10.080+0000] {taskinstance.py:1956} INFO - Dependencies all met for dep_context=requeueable deps ti=<TaskInstance: procurement_daily_pipeline_sequential.generate_summary manual__2026-01-14T05:56:59.499072+00:00 [queued]>
[2026-01-14T05:57:10.081+0000] {taskinstance.py:2170} INFO - Starting attempt 1 of 3
[2026-01-14T05:57:10.095+0000] {taskinstance.py:2191} INFO - Executing <Task(PythonOperator): generate_summary> on 2026-01-14 05:56:59.499072+00:00
[2026-01-14T05:57:10.098+0000] {standard_task_runner.py:60} INFO - Started process 362 to run task
[2026-01-14T05:57:10.101+0000] {standard_task_runner.py:87} INFO - Running: ['airflow', 'tasks', 'run', 'procurement_daily_pipeline_sequential', 'generate_summary', 'manual__2026-01-14T05:56:59.499072+00:00', '--job-id', '71', '--raw', '--subdir', 'DAGS_FOLDER/pipeline.py', '--cfg-path', '/tmp/tmphbb4i_9a']
[2026-01-14T05:57:10.103+0000] {standard_task_runner.py:88} INFO - Job 71: Subtask generate_summary
[2026-01-14T05:57:10.140+0000] {task_command.py:423} INFO - Running <TaskInstance: procurement_daily_pipeline_sequential.generate_summary manual__2026-01-14T05:56:59.499072+00:00 [running]> on host 400ff770cba1
[2026-01-14T05:57:10.202+0000] {taskinstance.py:2480} INFO - Exporting env vars: AIRFLOW_CTX_DAG_OWNER='procurement_team' AIRFLOW_CTX_DAG_ID='procurement_daily_pipeline_sequential' AIRFLOW_CTX_TASK_ID='generate_summary' AIRFLOW_CTX_EXECUTION_DATE='2026-01-14T05:56:59.499072+00:00' AIRFLOW_CTX_TRY_NUMBER='1' AIRFLOW_CTX_DAG_RUN_ID='manual__2026-01-14T05:56:59.499072+00:00'
[2026-01-14T05:57:10.203+0000] {pipeline.py:704} INFO - Generating pipeline summary...
[2026-01-14T05:57:10.206+0000] {logging_mixin.py:188} WARNING - /home/airflow/.local/lib/python3.11/site-packages/airflow/utils/context.py:315 AirflowContextDeprecationWarning: Accessing 'execution_date' from the template is deprecated and will be removed in a future version. Please use 'data_interval_start' or 'logical_date' instead.
[2026-01-14T05:57:10.263+0000] {pipeline.py:748} INFO - ======================================================================
[2026-01-14T05:57:10.264+0000] {pipeline.py:749} INFO - PIPELINE SUMMARY
[2026-01-14T05:57:10.264+0000] {pipeline.py:750} INFO - ======================================================================
[2026-01-14T05:57:10.264+0000] {pipeline.py:751} INFO - Orders in Hive: 1000
[2026-01-14T05:57:10.264+0000] {pipeline.py:752} INFO - Supplier Orders: 348
[2026-01-14T05:57:10.265+0000] {pipeline.py:753} INFO - Total Cost: 2,631,239.70 MAD
[2026-01-14T05:57:10.265+0000] {pipeline.py:754} INFO - ======================================================================
[2026-01-14T05:57:10.265+0000] {python.py:201} INFO - Done. Returned value was: {'status': 'success', 'summary_file': '/opt/airflow/data/output/pipeline_summary/summary_14-01-2026.json'}
[2026-01-14T05:57:10.283+0000] {taskinstance.py:1138} INFO - Marking task as SUCCESS. dag_id=procurement_daily_pipeline_sequential, task_id=generate_summary, execution_date=20260114T055659, start_date=20260114T055710, end_date=20260114T055710
[2026-01-14T05:57:10.314+0000] {local_task_job_runner.py:234} INFO - Task exited with return code 0
[2026-01-14T05:57:10.324+0000] {taskinstance.py:3280} INFO - 0 downstream tasks scheduled from follow-on schedule check
