[2026-01-14T06:11:52.445+0000] {taskinstance.py:1956} INFO - Dependencies all met for dep_context=non-requeueable deps ti=<TaskInstance: procurement_daily_pipeline_sequential.aggregate_orders manual__2026-01-14T06:11:45.802052+00:00 [queued]>
[2026-01-14T06:11:52.450+0000] {taskinstance.py:1956} INFO - Dependencies all met for dep_context=requeueable deps ti=<TaskInstance: procurement_daily_pipeline_sequential.aggregate_orders manual__2026-01-14T06:11:45.802052+00:00 [queued]>
[2026-01-14T06:11:52.451+0000] {taskinstance.py:2170} INFO - Starting attempt 1 of 3
[2026-01-14T06:11:52.459+0000] {taskinstance.py:2191} INFO - Executing <Task(PythonOperator): aggregate_orders> on 2026-01-14 06:11:45.802052+00:00
[2026-01-14T06:11:52.463+0000] {standard_task_runner.py:60} INFO - Started process 534 to run task
[2026-01-14T06:11:52.466+0000] {standard_task_runner.py:87} INFO - Running: ['airflow', 'tasks', 'run', 'procurement_daily_pipeline_sequential', 'aggregate_orders', 'manual__2026-01-14T06:11:45.802052+00:00', '--job-id', '76', '--raw', '--subdir', 'DAGS_FOLDER/pipeline.py', '--cfg-path', '/tmp/tmp5_dwn0le']
[2026-01-14T06:11:52.469+0000] {standard_task_runner.py:88} INFO - Job 76: Subtask aggregate_orders
[2026-01-14T06:11:52.503+0000] {task_command.py:423} INFO - Running <TaskInstance: procurement_daily_pipeline_sequential.aggregate_orders manual__2026-01-14T06:11:45.802052+00:00 [running]> on host 400ff770cba1
[2026-01-14T06:11:52.550+0000] {taskinstance.py:2480} INFO - Exporting env vars: AIRFLOW_CTX_DAG_OWNER='procurement_team' AIRFLOW_CTX_DAG_ID='procurement_daily_pipeline_sequential' AIRFLOW_CTX_TASK_ID='aggregate_orders' AIRFLOW_CTX_EXECUTION_DATE='2026-01-14T06:11:45.802052+00:00' AIRFLOW_CTX_TRY_NUMBER='1' AIRFLOW_CTX_DAG_RUN_ID='manual__2026-01-14T06:11:45.802052+00:00'
[2026-01-14T06:11:52.551+0000] {pipeline.py:398} INFO - Aggregating orders using Trino...
[2026-01-14T06:11:52.554+0000] {logging_mixin.py:188} WARNING - /home/airflow/.local/lib/python3.11/site-packages/airflow/utils/context.py:315 AirflowContextDeprecationWarning: Accessing 'execution_date' from the template is deprecated and will be removed in a future version. Please use 'data_interval_start' or 'logical_date' instead.
[2026-01-14T06:11:52.834+0000] {base.py:83} INFO - Using connection ID 'hdfs_default' for task execution.
[2026-01-14T06:11:52.834+0000] {webhdfs.py:82} INFO - Trying to connect to namenode:9870
[2026-01-14T06:11:52.835+0000] {webhdfs.py:86} INFO - Trying namenode namenode
[2026-01-14T06:11:52.836+0000] {client.py:192} INFO - Instantiated <InsecureClient(url='http://namenode:9870')>.
[2026-01-14T06:11:52.836+0000] {client.py:320} INFO - Fetching status for '/'.
[2026-01-14T06:11:52.841+0000] {webhdfs.py:96} INFO - Using namenode namenode for hook
[2026-01-14T06:11:52.841+0000] {client.py:551} INFO - Uploading '/opt/airflow/data/temp/aggregated_orders/14-01-2026/aggregated_orders.json' to '/procurement/processed/aggregated_orders/14-01-2026/aggregated_orders.json'.
[2026-01-14T06:11:52.841+0000] {client.py:1116} INFO - Listing '/procurement/processed/aggregated_orders/14-01-2026/aggregated_orders.json'.
[2026-01-14T06:11:52.847+0000] {client.py:496} INFO - Writing to '/procurement/processed/aggregated_orders/14-01-2026/aggregated_orders.json'.
[2026-01-14T06:11:52.878+0000] {base.py:83} INFO - Using connection ID 'hdfs_default' for task execution.
[2026-01-14T06:11:52.879+0000] {webhdfs.py:82} INFO - Trying to connect to namenode:9870
[2026-01-14T06:11:52.880+0000] {webhdfs.py:86} INFO - Trying namenode namenode
[2026-01-14T06:11:52.880+0000] {client.py:192} INFO - Instantiated <InsecureClient(url='http://namenode:9870')>.
[2026-01-14T06:11:52.880+0000] {client.py:320} INFO - Fetching status for '/'.
[2026-01-14T06:11:52.884+0000] {webhdfs.py:96} INFO - Using namenode namenode for hook
[2026-01-14T06:11:52.884+0000] {client.py:551} INFO - Uploading '/opt/airflow/data/temp/aggregated_orders/14-01-2026/aggregated_orders.csv' to '/procurement/processed/aggregated_orders/14-01-2026/aggregated_orders.csv'.
[2026-01-14T06:11:52.885+0000] {client.py:1116} INFO - Listing '/procurement/processed/aggregated_orders/14-01-2026/aggregated_orders.csv'.
[2026-01-14T06:11:52.891+0000] {client.py:496} INFO - Writing to '/procurement/processed/aggregated_orders/14-01-2026/aggregated_orders.csv'.
[2026-01-14T06:11:52.925+0000] {base.py:83} INFO - Using connection ID 'hdfs_default' for task execution.
[2026-01-14T06:11:52.926+0000] {webhdfs.py:82} INFO - Trying to connect to namenode:9870
[2026-01-14T06:11:52.926+0000] {webhdfs.py:86} INFO - Trying namenode namenode
[2026-01-14T06:11:52.927+0000] {client.py:192} INFO - Instantiated <InsecureClient(url='http://namenode:9870')>.
[2026-01-14T06:11:52.927+0000] {client.py:320} INFO - Fetching status for '/'.
[2026-01-14T06:11:52.931+0000] {webhdfs.py:96} INFO - Using namenode namenode for hook
[2026-01-14T06:11:52.932+0000] {client.py:551} INFO - Uploading '/opt/airflow/data/temp/logs/tasks/14-01-2026/aggregate_orders_with_trino_20260114_061152.json' to '/procurement/logs/tasks/14-01-2026/aggregate_orders_with_trino_20260114_061152.json'.
[2026-01-14T06:11:52.932+0000] {client.py:1116} INFO - Listing '/procurement/logs/tasks/14-01-2026/aggregate_orders_with_trino_20260114_061152.json'.
[2026-01-14T06:11:52.939+0000] {client.py:496} INFO - Writing to '/procurement/logs/tasks/14-01-2026/aggregate_orders_with_trino_20260114_061152.json'.
[2026-01-14T06:11:52.985+0000] {python.py:201} INFO - Done. Returned value was: {'status': 'success', 'aggregated_count': 348}
[2026-01-14T06:11:52.998+0000] {taskinstance.py:1138} INFO - Marking task as SUCCESS. dag_id=procurement_daily_pipeline_sequential, task_id=aggregate_orders, execution_date=20260114T061145, start_date=20260114T061152, end_date=20260114T061152
[2026-01-14T06:11:53.041+0000] {local_task_job_runner.py:234} INFO - Task exited with return code 0
[2026-01-14T06:11:53.057+0000] {taskinstance.py:3280} INFO - 1 downstream tasks scheduled from follow-on schedule check
