[2026-01-13T15:31:10.144+0000] {processor.py:161} INFO - Started process (PID=37) to work on /opt/airflow/dags/utils.py
[2026-01-13T15:31:10.145+0000] {processor.py:830} INFO - Processing file /opt/airflow/dags/utils.py for tasks to queue
[2026-01-13T15:31:10.161+0000] {logging_mixin.py:188} INFO - [2026-01-13T15:31:10.154+0000] {dagbag.py:538} INFO - Filling up the DagBag from /opt/airflow/dags/utils.py
[2026-01-13T15:31:10.214+0000] {logging_mixin.py:188} INFO - [2026-01-13T15:31:10.197+0000] {dagbag.py:348} ERROR - Failed to import: /opt/airflow/dags/utils.py
Traceback (most recent call last):
  File "/home/airflow/.local/lib/python3.11/site-packages/airflow/models/dagbag.py", line 344, in parse
    loader.exec_module(new_module)
  File "<frozen importlib._bootstrap_external>", line 940, in exec_module
  File "<frozen importlib._bootstrap>", line 241, in _call_with_frames_removed
  File "/opt/airflow/dags/utils.py", line 6, in <module>
    from pyhive import hive
ModuleNotFoundError: No module named 'pyhive'
[2026-01-13T15:31:10.216+0000] {processor.py:842} WARNING - No viable dags retrieved from /opt/airflow/dags/utils.py
[2026-01-13T15:31:10.265+0000] {processor.py:183} INFO - Processing /opt/airflow/dags/utils.py took 0.135 seconds
[2026-01-13T15:31:40.503+0000] {processor.py:161} INFO - Started process (PID=39) to work on /opt/airflow/dags/utils.py
[2026-01-13T15:31:40.504+0000] {processor.py:830} INFO - Processing file /opt/airflow/dags/utils.py for tasks to queue
[2026-01-13T15:31:40.506+0000] {logging_mixin.py:188} INFO - [2026-01-13T15:31:40.506+0000] {dagbag.py:538} INFO - Filling up the DagBag from /opt/airflow/dags/utils.py
[2026-01-13T15:31:40.523+0000] {logging_mixin.py:188} INFO - [2026-01-13T15:31:40.520+0000] {dagbag.py:348} ERROR - Failed to import: /opt/airflow/dags/utils.py
Traceback (most recent call last):
  File "/home/airflow/.local/lib/python3.11/site-packages/airflow/models/dagbag.py", line 344, in parse
    loader.exec_module(new_module)
  File "<frozen importlib._bootstrap_external>", line 940, in exec_module
  File "<frozen importlib._bootstrap>", line 241, in _call_with_frames_removed
  File "/opt/airflow/dags/utils.py", line 6, in <module>
    from pyhive import hive
ModuleNotFoundError: No module named 'pyhive'
[2026-01-13T15:31:40.524+0000] {processor.py:842} WARNING - No viable dags retrieved from /opt/airflow/dags/utils.py
[2026-01-13T15:31:40.545+0000] {processor.py:183} INFO - Processing /opt/airflow/dags/utils.py took 0.047 seconds
[2026-01-13T15:32:10.729+0000] {processor.py:161} INFO - Started process (PID=41) to work on /opt/airflow/dags/utils.py
[2026-01-13T15:32:10.730+0000] {processor.py:830} INFO - Processing file /opt/airflow/dags/utils.py for tasks to queue
[2026-01-13T15:32:10.732+0000] {logging_mixin.py:188} INFO - [2026-01-13T15:32:10.731+0000] {dagbag.py:538} INFO - Filling up the DagBag from /opt/airflow/dags/utils.py
[2026-01-13T15:32:10.744+0000] {logging_mixin.py:188} INFO - [2026-01-13T15:32:10.742+0000] {dagbag.py:348} ERROR - Failed to import: /opt/airflow/dags/utils.py
Traceback (most recent call last):
  File "/home/airflow/.local/lib/python3.11/site-packages/airflow/models/dagbag.py", line 344, in parse
    loader.exec_module(new_module)
  File "<frozen importlib._bootstrap_external>", line 940, in exec_module
  File "<frozen importlib._bootstrap>", line 241, in _call_with_frames_removed
  File "/opt/airflow/dags/utils.py", line 6, in <module>
    from pyhive import hive
ModuleNotFoundError: No module named 'pyhive'
[2026-01-13T15:32:10.745+0000] {processor.py:842} WARNING - No viable dags retrieved from /opt/airflow/dags/utils.py
[2026-01-13T15:32:10.759+0000] {processor.py:183} INFO - Processing /opt/airflow/dags/utils.py took 0.033 seconds
[2026-01-13T15:32:40.963+0000] {processor.py:161} INFO - Started process (PID=43) to work on /opt/airflow/dags/utils.py
[2026-01-13T15:32:40.964+0000] {processor.py:830} INFO - Processing file /opt/airflow/dags/utils.py for tasks to queue
[2026-01-13T15:32:40.966+0000] {logging_mixin.py:188} INFO - [2026-01-13T15:32:40.965+0000] {dagbag.py:538} INFO - Filling up the DagBag from /opt/airflow/dags/utils.py
[2026-01-13T15:32:40.976+0000] {logging_mixin.py:188} INFO - [2026-01-13T15:32:40.974+0000] {dagbag.py:348} ERROR - Failed to import: /opt/airflow/dags/utils.py
Traceback (most recent call last):
  File "/home/airflow/.local/lib/python3.11/site-packages/airflow/models/dagbag.py", line 344, in parse
    loader.exec_module(new_module)
  File "<frozen importlib._bootstrap_external>", line 940, in exec_module
  File "<frozen importlib._bootstrap>", line 241, in _call_with_frames_removed
  File "/opt/airflow/dags/utils.py", line 6, in <module>
    from pyhive import hive
ModuleNotFoundError: No module named 'pyhive'
[2026-01-13T15:32:40.977+0000] {processor.py:842} WARNING - No viable dags retrieved from /opt/airflow/dags/utils.py
[2026-01-13T15:32:40.992+0000] {processor.py:183} INFO - Processing /opt/airflow/dags/utils.py took 0.032 seconds
[2026-01-13T15:33:11.197+0000] {processor.py:161} INFO - Started process (PID=45) to work on /opt/airflow/dags/utils.py
[2026-01-13T15:33:11.198+0000] {processor.py:830} INFO - Processing file /opt/airflow/dags/utils.py for tasks to queue
[2026-01-13T15:33:11.200+0000] {logging_mixin.py:188} INFO - [2026-01-13T15:33:11.199+0000] {dagbag.py:538} INFO - Filling up the DagBag from /opt/airflow/dags/utils.py
[2026-01-13T15:33:11.214+0000] {logging_mixin.py:188} INFO - [2026-01-13T15:33:11.212+0000] {dagbag.py:348} ERROR - Failed to import: /opt/airflow/dags/utils.py
Traceback (most recent call last):
  File "/home/airflow/.local/lib/python3.11/site-packages/airflow/models/dagbag.py", line 344, in parse
    loader.exec_module(new_module)
  File "<frozen importlib._bootstrap_external>", line 940, in exec_module
  File "<frozen importlib._bootstrap>", line 241, in _call_with_frames_removed
  File "/opt/airflow/dags/utils.py", line 6, in <module>
    from pyhive import hive
ModuleNotFoundError: No module named 'pyhive'
[2026-01-13T15:33:11.215+0000] {processor.py:842} WARNING - No viable dags retrieved from /opt/airflow/dags/utils.py
[2026-01-13T15:33:11.228+0000] {processor.py:183} INFO - Processing /opt/airflow/dags/utils.py took 0.035 seconds
[2026-01-13T15:33:41.434+0000] {processor.py:161} INFO - Started process (PID=47) to work on /opt/airflow/dags/utils.py
[2026-01-13T15:33:41.435+0000] {processor.py:830} INFO - Processing file /opt/airflow/dags/utils.py for tasks to queue
[2026-01-13T15:33:41.437+0000] {logging_mixin.py:188} INFO - [2026-01-13T15:33:41.436+0000] {dagbag.py:538} INFO - Filling up the DagBag from /opt/airflow/dags/utils.py
[2026-01-13T15:33:41.452+0000] {logging_mixin.py:188} INFO - [2026-01-13T15:33:41.450+0000] {dagbag.py:348} ERROR - Failed to import: /opt/airflow/dags/utils.py
Traceback (most recent call last):
  File "/home/airflow/.local/lib/python3.11/site-packages/airflow/models/dagbag.py", line 344, in parse
    loader.exec_module(new_module)
  File "<frozen importlib._bootstrap_external>", line 940, in exec_module
  File "<frozen importlib._bootstrap>", line 241, in _call_with_frames_removed
  File "/opt/airflow/dags/utils.py", line 6, in <module>
    from pyhive import hive
ModuleNotFoundError: No module named 'pyhive'
[2026-01-13T15:33:41.453+0000] {processor.py:842} WARNING - No viable dags retrieved from /opt/airflow/dags/utils.py
[2026-01-13T15:33:41.467+0000] {processor.py:183} INFO - Processing /opt/airflow/dags/utils.py took 0.036 seconds
[2026-01-13T15:34:11.615+0000] {processor.py:161} INFO - Started process (PID=49) to work on /opt/airflow/dags/utils.py
[2026-01-13T15:34:11.616+0000] {processor.py:830} INFO - Processing file /opt/airflow/dags/utils.py for tasks to queue
[2026-01-13T15:34:11.617+0000] {logging_mixin.py:188} INFO - [2026-01-13T15:34:11.617+0000] {dagbag.py:538} INFO - Filling up the DagBag from /opt/airflow/dags/utils.py
[2026-01-13T15:34:11.631+0000] {logging_mixin.py:188} INFO - [2026-01-13T15:34:11.629+0000] {dagbag.py:348} ERROR - Failed to import: /opt/airflow/dags/utils.py
Traceback (most recent call last):
  File "/home/airflow/.local/lib/python3.11/site-packages/airflow/models/dagbag.py", line 344, in parse
    loader.exec_module(new_module)
  File "<frozen importlib._bootstrap_external>", line 940, in exec_module
  File "<frozen importlib._bootstrap>", line 241, in _call_with_frames_removed
  File "/opt/airflow/dags/utils.py", line 6, in <module>
    from pyhive import hive
ModuleNotFoundError: No module named 'pyhive'
[2026-01-13T15:34:11.632+0000] {processor.py:842} WARNING - No viable dags retrieved from /opt/airflow/dags/utils.py
[2026-01-13T15:34:11.646+0000] {processor.py:183} INFO - Processing /opt/airflow/dags/utils.py took 0.035 seconds
[2026-01-13T15:34:41.855+0000] {processor.py:161} INFO - Started process (PID=51) to work on /opt/airflow/dags/utils.py
[2026-01-13T15:34:41.856+0000] {processor.py:830} INFO - Processing file /opt/airflow/dags/utils.py for tasks to queue
[2026-01-13T15:34:41.858+0000] {logging_mixin.py:188} INFO - [2026-01-13T15:34:41.858+0000] {dagbag.py:538} INFO - Filling up the DagBag from /opt/airflow/dags/utils.py
[2026-01-13T15:34:41.872+0000] {logging_mixin.py:188} INFO - [2026-01-13T15:34:41.869+0000] {dagbag.py:348} ERROR - Failed to import: /opt/airflow/dags/utils.py
Traceback (most recent call last):
  File "/home/airflow/.local/lib/python3.11/site-packages/airflow/models/dagbag.py", line 344, in parse
    loader.exec_module(new_module)
  File "<frozen importlib._bootstrap_external>", line 940, in exec_module
  File "<frozen importlib._bootstrap>", line 241, in _call_with_frames_removed
  File "/opt/airflow/dags/utils.py", line 6, in <module>
    from pyhive import hive
ModuleNotFoundError: No module named 'pyhive'
[2026-01-13T15:34:41.873+0000] {processor.py:842} WARNING - No viable dags retrieved from /opt/airflow/dags/utils.py
[2026-01-13T15:34:41.887+0000] {processor.py:183} INFO - Processing /opt/airflow/dags/utils.py took 0.034 seconds
[2026-01-13T15:35:12.101+0000] {processor.py:161} INFO - Started process (PID=53) to work on /opt/airflow/dags/utils.py
[2026-01-13T15:35:12.102+0000] {processor.py:830} INFO - Processing file /opt/airflow/dags/utils.py for tasks to queue
[2026-01-13T15:35:12.105+0000] {logging_mixin.py:188} INFO - [2026-01-13T15:35:12.104+0000] {dagbag.py:538} INFO - Filling up the DagBag from /opt/airflow/dags/utils.py
[2026-01-13T15:35:12.119+0000] {logging_mixin.py:188} INFO - [2026-01-13T15:35:12.117+0000] {dagbag.py:348} ERROR - Failed to import: /opt/airflow/dags/utils.py
Traceback (most recent call last):
  File "/home/airflow/.local/lib/python3.11/site-packages/airflow/models/dagbag.py", line 344, in parse
    loader.exec_module(new_module)
  File "<frozen importlib._bootstrap_external>", line 940, in exec_module
  File "<frozen importlib._bootstrap>", line 241, in _call_with_frames_removed
  File "/opt/airflow/dags/utils.py", line 6, in <module>
    from pyhive import hive
ModuleNotFoundError: No module named 'pyhive'
[2026-01-13T15:35:12.120+0000] {processor.py:842} WARNING - No viable dags retrieved from /opt/airflow/dags/utils.py
[2026-01-13T15:35:12.133+0000] {processor.py:183} INFO - Processing /opt/airflow/dags/utils.py took 0.036 seconds
[2026-01-13T15:35:42.343+0000] {processor.py:161} INFO - Started process (PID=55) to work on /opt/airflow/dags/utils.py
[2026-01-13T15:35:42.344+0000] {processor.py:830} INFO - Processing file /opt/airflow/dags/utils.py for tasks to queue
[2026-01-13T15:35:42.346+0000] {logging_mixin.py:188} INFO - [2026-01-13T15:35:42.345+0000] {dagbag.py:538} INFO - Filling up the DagBag from /opt/airflow/dags/utils.py
[2026-01-13T15:35:42.359+0000] {logging_mixin.py:188} INFO - [2026-01-13T15:35:42.357+0000] {dagbag.py:348} ERROR - Failed to import: /opt/airflow/dags/utils.py
Traceback (most recent call last):
  File "/home/airflow/.local/lib/python3.11/site-packages/airflow/models/dagbag.py", line 344, in parse
    loader.exec_module(new_module)
  File "<frozen importlib._bootstrap_external>", line 940, in exec_module
  File "<frozen importlib._bootstrap>", line 241, in _call_with_frames_removed
  File "/opt/airflow/dags/utils.py", line 6, in <module>
    from pyhive import hive
ModuleNotFoundError: No module named 'pyhive'
[2026-01-13T15:35:42.360+0000] {processor.py:842} WARNING - No viable dags retrieved from /opt/airflow/dags/utils.py
[2026-01-13T15:35:42.374+0000] {processor.py:183} INFO - Processing /opt/airflow/dags/utils.py took 0.033 seconds
[2026-01-13T15:36:12.622+0000] {processor.py:161} INFO - Started process (PID=57) to work on /opt/airflow/dags/utils.py
[2026-01-13T15:36:12.623+0000] {processor.py:830} INFO - Processing file /opt/airflow/dags/utils.py for tasks to queue
[2026-01-13T15:36:12.625+0000] {logging_mixin.py:188} INFO - [2026-01-13T15:36:12.624+0000] {dagbag.py:538} INFO - Filling up the DagBag from /opt/airflow/dags/utils.py
[2026-01-13T15:36:12.640+0000] {logging_mixin.py:188} INFO - [2026-01-13T15:36:12.636+0000] {dagbag.py:348} ERROR - Failed to import: /opt/airflow/dags/utils.py
Traceback (most recent call last):
  File "/home/airflow/.local/lib/python3.11/site-packages/airflow/models/dagbag.py", line 344, in parse
    loader.exec_module(new_module)
  File "<frozen importlib._bootstrap_external>", line 940, in exec_module
  File "<frozen importlib._bootstrap>", line 241, in _call_with_frames_removed
  File "/opt/airflow/dags/utils.py", line 6, in <module>
    from pyhive import hive
ModuleNotFoundError: No module named 'pyhive'
[2026-01-13T15:36:12.641+0000] {processor.py:842} WARNING - No viable dags retrieved from /opt/airflow/dags/utils.py
[2026-01-13T15:36:12.659+0000] {processor.py:183} INFO - Processing /opt/airflow/dags/utils.py took 0.039 seconds
[2026-01-13T15:36:42.851+0000] {processor.py:161} INFO - Started process (PID=59) to work on /opt/airflow/dags/utils.py
[2026-01-13T15:36:42.852+0000] {processor.py:830} INFO - Processing file /opt/airflow/dags/utils.py for tasks to queue
[2026-01-13T15:36:42.854+0000] {logging_mixin.py:188} INFO - [2026-01-13T15:36:42.854+0000] {dagbag.py:538} INFO - Filling up the DagBag from /opt/airflow/dags/utils.py
[2026-01-13T15:36:42.869+0000] {logging_mixin.py:188} INFO - [2026-01-13T15:36:42.867+0000] {dagbag.py:348} ERROR - Failed to import: /opt/airflow/dags/utils.py
Traceback (most recent call last):
  File "/home/airflow/.local/lib/python3.11/site-packages/airflow/models/dagbag.py", line 344, in parse
    loader.exec_module(new_module)
  File "<frozen importlib._bootstrap_external>", line 940, in exec_module
  File "<frozen importlib._bootstrap>", line 241, in _call_with_frames_removed
  File "/opt/airflow/dags/utils.py", line 6, in <module>
    from pyhive import hive
ModuleNotFoundError: No module named 'pyhive'
[2026-01-13T15:36:42.870+0000] {processor.py:842} WARNING - No viable dags retrieved from /opt/airflow/dags/utils.py
[2026-01-13T15:36:42.886+0000] {processor.py:183} INFO - Processing /opt/airflow/dags/utils.py took 0.039 seconds
[2026-01-13T15:37:13.099+0000] {processor.py:161} INFO - Started process (PID=61) to work on /opt/airflow/dags/utils.py
[2026-01-13T15:37:13.099+0000] {processor.py:830} INFO - Processing file /opt/airflow/dags/utils.py for tasks to queue
[2026-01-13T15:37:13.101+0000] {logging_mixin.py:188} INFO - [2026-01-13T15:37:13.101+0000] {dagbag.py:538} INFO - Filling up the DagBag from /opt/airflow/dags/utils.py
[2026-01-13T15:37:13.114+0000] {logging_mixin.py:188} INFO - [2026-01-13T15:37:13.112+0000] {dagbag.py:348} ERROR - Failed to import: /opt/airflow/dags/utils.py
Traceback (most recent call last):
  File "/home/airflow/.local/lib/python3.11/site-packages/airflow/models/dagbag.py", line 344, in parse
    loader.exec_module(new_module)
  File "<frozen importlib._bootstrap_external>", line 940, in exec_module
  File "<frozen importlib._bootstrap>", line 241, in _call_with_frames_removed
  File "/opt/airflow/dags/utils.py", line 6, in <module>
    from pyhive import hive
ModuleNotFoundError: No module named 'pyhive'
[2026-01-13T15:37:13.115+0000] {processor.py:842} WARNING - No viable dags retrieved from /opt/airflow/dags/utils.py
[2026-01-13T15:37:13.129+0000] {processor.py:183} INFO - Processing /opt/airflow/dags/utils.py took 0.034 seconds
[2026-01-13T15:37:43.360+0000] {processor.py:161} INFO - Started process (PID=63) to work on /opt/airflow/dags/utils.py
[2026-01-13T15:37:43.361+0000] {processor.py:830} INFO - Processing file /opt/airflow/dags/utils.py for tasks to queue
[2026-01-13T15:37:43.364+0000] {logging_mixin.py:188} INFO - [2026-01-13T15:37:43.363+0000] {dagbag.py:538} INFO - Filling up the DagBag from /opt/airflow/dags/utils.py
[2026-01-13T15:37:43.375+0000] {logging_mixin.py:188} INFO - [2026-01-13T15:37:43.373+0000] {dagbag.py:348} ERROR - Failed to import: /opt/airflow/dags/utils.py
Traceback (most recent call last):
  File "/home/airflow/.local/lib/python3.11/site-packages/airflow/models/dagbag.py", line 344, in parse
    loader.exec_module(new_module)
  File "<frozen importlib._bootstrap_external>", line 940, in exec_module
  File "<frozen importlib._bootstrap>", line 241, in _call_with_frames_removed
  File "/opt/airflow/dags/utils.py", line 6, in <module>
    from pyhive import hive
ModuleNotFoundError: No module named 'pyhive'
[2026-01-13T15:37:43.376+0000] {processor.py:842} WARNING - No viable dags retrieved from /opt/airflow/dags/utils.py
[2026-01-13T15:37:43.392+0000] {processor.py:183} INFO - Processing /opt/airflow/dags/utils.py took 0.035 seconds
[2026-01-13T15:38:13.604+0000] {processor.py:161} INFO - Started process (PID=65) to work on /opt/airflow/dags/utils.py
[2026-01-13T15:38:13.605+0000] {processor.py:830} INFO - Processing file /opt/airflow/dags/utils.py for tasks to queue
[2026-01-13T15:38:13.608+0000] {logging_mixin.py:188} INFO - [2026-01-13T15:38:13.607+0000] {dagbag.py:538} INFO - Filling up the DagBag from /opt/airflow/dags/utils.py
[2026-01-13T15:38:13.620+0000] {logging_mixin.py:188} INFO - [2026-01-13T15:38:13.617+0000] {dagbag.py:348} ERROR - Failed to import: /opt/airflow/dags/utils.py
Traceback (most recent call last):
  File "/home/airflow/.local/lib/python3.11/site-packages/airflow/models/dagbag.py", line 344, in parse
    loader.exec_module(new_module)
  File "<frozen importlib._bootstrap_external>", line 940, in exec_module
  File "<frozen importlib._bootstrap>", line 241, in _call_with_frames_removed
  File "/opt/airflow/dags/utils.py", line 6, in <module>
    from pyhive import hive
ModuleNotFoundError: No module named 'pyhive'
[2026-01-13T15:38:13.621+0000] {processor.py:842} WARNING - No viable dags retrieved from /opt/airflow/dags/utils.py
[2026-01-13T15:38:13.637+0000] {processor.py:183} INFO - Processing /opt/airflow/dags/utils.py took 0.037 seconds
[2026-01-13T15:38:43.854+0000] {processor.py:161} INFO - Started process (PID=67) to work on /opt/airflow/dags/utils.py
[2026-01-13T15:38:43.855+0000] {processor.py:830} INFO - Processing file /opt/airflow/dags/utils.py for tasks to queue
[2026-01-13T15:38:43.856+0000] {logging_mixin.py:188} INFO - [2026-01-13T15:38:43.856+0000] {dagbag.py:538} INFO - Filling up the DagBag from /opt/airflow/dags/utils.py
[2026-01-13T15:38:43.873+0000] {logging_mixin.py:188} INFO - [2026-01-13T15:38:43.870+0000] {dagbag.py:348} ERROR - Failed to import: /opt/airflow/dags/utils.py
Traceback (most recent call last):
  File "/home/airflow/.local/lib/python3.11/site-packages/airflow/models/dagbag.py", line 344, in parse
    loader.exec_module(new_module)
  File "<frozen importlib._bootstrap_external>", line 940, in exec_module
  File "<frozen importlib._bootstrap>", line 241, in _call_with_frames_removed
  File "/opt/airflow/dags/utils.py", line 6, in <module>
    from pyhive import hive
ModuleNotFoundError: No module named 'pyhive'
[2026-01-13T15:38:43.874+0000] {processor.py:842} WARNING - No viable dags retrieved from /opt/airflow/dags/utils.py
[2026-01-13T15:38:43.891+0000] {processor.py:183} INFO - Processing /opt/airflow/dags/utils.py took 0.041 seconds
[2026-01-13T15:39:14.084+0000] {processor.py:161} INFO - Started process (PID=69) to work on /opt/airflow/dags/utils.py
[2026-01-13T15:39:14.084+0000] {processor.py:830} INFO - Processing file /opt/airflow/dags/utils.py for tasks to queue
[2026-01-13T15:39:14.086+0000] {logging_mixin.py:188} INFO - [2026-01-13T15:39:14.086+0000] {dagbag.py:538} INFO - Filling up the DagBag from /opt/airflow/dags/utils.py
[2026-01-13T15:39:14.099+0000] {logging_mixin.py:188} INFO - [2026-01-13T15:39:14.096+0000] {dagbag.py:348} ERROR - Failed to import: /opt/airflow/dags/utils.py
Traceback (most recent call last):
  File "/home/airflow/.local/lib/python3.11/site-packages/airflow/models/dagbag.py", line 344, in parse
    loader.exec_module(new_module)
  File "<frozen importlib._bootstrap_external>", line 940, in exec_module
  File "<frozen importlib._bootstrap>", line 241, in _call_with_frames_removed
  File "/opt/airflow/dags/utils.py", line 6, in <module>
    from pyhive import hive
ModuleNotFoundError: No module named 'pyhive'
[2026-01-13T15:39:14.100+0000] {processor.py:842} WARNING - No viable dags retrieved from /opt/airflow/dags/utils.py
[2026-01-13T15:39:14.118+0000] {processor.py:183} INFO - Processing /opt/airflow/dags/utils.py took 0.037 seconds
[2026-01-13T15:39:44.310+0000] {processor.py:161} INFO - Started process (PID=71) to work on /opt/airflow/dags/utils.py
[2026-01-13T15:39:44.311+0000] {processor.py:830} INFO - Processing file /opt/airflow/dags/utils.py for tasks to queue
[2026-01-13T15:39:44.313+0000] {logging_mixin.py:188} INFO - [2026-01-13T15:39:44.313+0000] {dagbag.py:538} INFO - Filling up the DagBag from /opt/airflow/dags/utils.py
[2026-01-13T15:39:44.328+0000] {logging_mixin.py:188} INFO - [2026-01-13T15:39:44.325+0000] {dagbag.py:348} ERROR - Failed to import: /opt/airflow/dags/utils.py
Traceback (most recent call last):
  File "/home/airflow/.local/lib/python3.11/site-packages/airflow/models/dagbag.py", line 344, in parse
    loader.exec_module(new_module)
  File "<frozen importlib._bootstrap_external>", line 940, in exec_module
  File "<frozen importlib._bootstrap>", line 241, in _call_with_frames_removed
  File "/opt/airflow/dags/utils.py", line 6, in <module>
    from pyhive import hive
ModuleNotFoundError: No module named 'pyhive'
[2026-01-13T15:39:44.329+0000] {processor.py:842} WARNING - No viable dags retrieved from /opt/airflow/dags/utils.py
[2026-01-13T15:39:44.344+0000] {processor.py:183} INFO - Processing /opt/airflow/dags/utils.py took 0.037 seconds
[2026-01-13T15:40:14.569+0000] {processor.py:161} INFO - Started process (PID=73) to work on /opt/airflow/dags/utils.py
[2026-01-13T15:40:14.570+0000] {processor.py:830} INFO - Processing file /opt/airflow/dags/utils.py for tasks to queue
[2026-01-13T15:40:14.572+0000] {logging_mixin.py:188} INFO - [2026-01-13T15:40:14.571+0000] {dagbag.py:538} INFO - Filling up the DagBag from /opt/airflow/dags/utils.py
[2026-01-13T15:40:14.584+0000] {logging_mixin.py:188} INFO - [2026-01-13T15:40:14.581+0000] {dagbag.py:348} ERROR - Failed to import: /opt/airflow/dags/utils.py
Traceback (most recent call last):
  File "/home/airflow/.local/lib/python3.11/site-packages/airflow/models/dagbag.py", line 344, in parse
    loader.exec_module(new_module)
  File "<frozen importlib._bootstrap_external>", line 940, in exec_module
  File "<frozen importlib._bootstrap>", line 241, in _call_with_frames_removed
  File "/opt/airflow/dags/utils.py", line 6, in <module>
    from pyhive import hive
ModuleNotFoundError: No module named 'pyhive'
[2026-01-13T15:40:14.585+0000] {processor.py:842} WARNING - No viable dags retrieved from /opt/airflow/dags/utils.py
[2026-01-13T15:40:14.602+0000] {processor.py:183} INFO - Processing /opt/airflow/dags/utils.py took 0.037 seconds
[2026-01-13T15:40:44.804+0000] {processor.py:161} INFO - Started process (PID=75) to work on /opt/airflow/dags/utils.py
[2026-01-13T15:40:44.805+0000] {processor.py:830} INFO - Processing file /opt/airflow/dags/utils.py for tasks to queue
[2026-01-13T15:40:44.807+0000] {logging_mixin.py:188} INFO - [2026-01-13T15:40:44.807+0000] {dagbag.py:538} INFO - Filling up the DagBag from /opt/airflow/dags/utils.py
[2026-01-13T15:40:44.824+0000] {logging_mixin.py:188} INFO - [2026-01-13T15:40:44.821+0000] {dagbag.py:348} ERROR - Failed to import: /opt/airflow/dags/utils.py
Traceback (most recent call last):
  File "/home/airflow/.local/lib/python3.11/site-packages/airflow/models/dagbag.py", line 344, in parse
    loader.exec_module(new_module)
  File "<frozen importlib._bootstrap_external>", line 940, in exec_module
  File "<frozen importlib._bootstrap>", line 241, in _call_with_frames_removed
  File "/opt/airflow/dags/utils.py", line 6, in <module>
    from pyhive import hive
ModuleNotFoundError: No module named 'pyhive'
[2026-01-13T15:40:44.824+0000] {processor.py:842} WARNING - No viable dags retrieved from /opt/airflow/dags/utils.py
[2026-01-13T15:40:44.839+0000] {processor.py:183} INFO - Processing /opt/airflow/dags/utils.py took 0.039 seconds
[2026-01-13T15:41:15.028+0000] {processor.py:161} INFO - Started process (PID=78) to work on /opt/airflow/dags/utils.py
[2026-01-13T15:41:15.029+0000] {processor.py:830} INFO - Processing file /opt/airflow/dags/utils.py for tasks to queue
[2026-01-13T15:41:15.030+0000] {logging_mixin.py:188} INFO - [2026-01-13T15:41:15.030+0000] {dagbag.py:538} INFO - Filling up the DagBag from /opt/airflow/dags/utils.py
[2026-01-13T15:41:15.045+0000] {logging_mixin.py:188} INFO - [2026-01-13T15:41:15.041+0000] {dagbag.py:348} ERROR - Failed to import: /opt/airflow/dags/utils.py
Traceback (most recent call last):
  File "/home/airflow/.local/lib/python3.11/site-packages/airflow/models/dagbag.py", line 344, in parse
    loader.exec_module(new_module)
  File "<frozen importlib._bootstrap_external>", line 940, in exec_module
  File "<frozen importlib._bootstrap>", line 241, in _call_with_frames_removed
  File "/opt/airflow/dags/utils.py", line 6, in <module>
    from pyhive import hive
ModuleNotFoundError: No module named 'pyhive'
[2026-01-13T15:41:15.046+0000] {processor.py:842} WARNING - No viable dags retrieved from /opt/airflow/dags/utils.py
[2026-01-13T15:41:15.061+0000] {processor.py:183} INFO - Processing /opt/airflow/dags/utils.py took 0.035 seconds
[2026-01-13T15:41:45.205+0000] {processor.py:161} INFO - Started process (PID=80) to work on /opt/airflow/dags/utils.py
[2026-01-13T15:41:45.206+0000] {processor.py:830} INFO - Processing file /opt/airflow/dags/utils.py for tasks to queue
[2026-01-13T15:41:45.208+0000] {logging_mixin.py:188} INFO - [2026-01-13T15:41:45.208+0000] {dagbag.py:538} INFO - Filling up the DagBag from /opt/airflow/dags/utils.py
[2026-01-13T15:41:45.224+0000] {logging_mixin.py:188} INFO - [2026-01-13T15:41:45.221+0000] {dagbag.py:348} ERROR - Failed to import: /opt/airflow/dags/utils.py
Traceback (most recent call last):
  File "/home/airflow/.local/lib/python3.11/site-packages/airflow/models/dagbag.py", line 344, in parse
    loader.exec_module(new_module)
  File "<frozen importlib._bootstrap_external>", line 940, in exec_module
  File "<frozen importlib._bootstrap>", line 241, in _call_with_frames_removed
  File "/opt/airflow/dags/utils.py", line 6, in <module>
    from pyhive import hive
ModuleNotFoundError: No module named 'pyhive'
[2026-01-13T15:41:45.226+0000] {processor.py:842} WARNING - No viable dags retrieved from /opt/airflow/dags/utils.py
[2026-01-13T15:41:45.240+0000] {processor.py:183} INFO - Processing /opt/airflow/dags/utils.py took 0.037 seconds
[2026-01-13T15:42:15.392+0000] {processor.py:161} INFO - Started process (PID=82) to work on /opt/airflow/dags/utils.py
[2026-01-13T15:42:15.393+0000] {processor.py:830} INFO - Processing file /opt/airflow/dags/utils.py for tasks to queue
[2026-01-13T15:42:15.395+0000] {logging_mixin.py:188} INFO - [2026-01-13T15:42:15.394+0000] {dagbag.py:538} INFO - Filling up the DagBag from /opt/airflow/dags/utils.py
[2026-01-13T15:42:15.409+0000] {logging_mixin.py:188} INFO - [2026-01-13T15:42:15.406+0000] {dagbag.py:348} ERROR - Failed to import: /opt/airflow/dags/utils.py
Traceback (most recent call last):
  File "/home/airflow/.local/lib/python3.11/site-packages/airflow/models/dagbag.py", line 344, in parse
    loader.exec_module(new_module)
  File "<frozen importlib._bootstrap_external>", line 940, in exec_module
  File "<frozen importlib._bootstrap>", line 241, in _call_with_frames_removed
  File "/opt/airflow/dags/utils.py", line 6, in <module>
    from pyhive import hive
ModuleNotFoundError: No module named 'pyhive'
[2026-01-13T15:42:15.410+0000] {processor.py:842} WARNING - No viable dags retrieved from /opt/airflow/dags/utils.py
[2026-01-13T15:42:15.425+0000] {processor.py:183} INFO - Processing /opt/airflow/dags/utils.py took 0.035 seconds
[2026-01-13T15:42:45.631+0000] {processor.py:161} INFO - Started process (PID=84) to work on /opt/airflow/dags/utils.py
[2026-01-13T15:42:45.632+0000] {processor.py:830} INFO - Processing file /opt/airflow/dags/utils.py for tasks to queue
[2026-01-13T15:42:45.633+0000] {logging_mixin.py:188} INFO - [2026-01-13T15:42:45.633+0000] {dagbag.py:538} INFO - Filling up the DagBag from /opt/airflow/dags/utils.py
[2026-01-13T15:42:45.647+0000] {logging_mixin.py:188} INFO - [2026-01-13T15:42:45.644+0000] {dagbag.py:348} ERROR - Failed to import: /opt/airflow/dags/utils.py
Traceback (most recent call last):
  File "/home/airflow/.local/lib/python3.11/site-packages/airflow/models/dagbag.py", line 344, in parse
    loader.exec_module(new_module)
  File "<frozen importlib._bootstrap_external>", line 940, in exec_module
  File "<frozen importlib._bootstrap>", line 241, in _call_with_frames_removed
  File "/opt/airflow/dags/utils.py", line 6, in <module>
    from pyhive import hive
ModuleNotFoundError: No module named 'pyhive'
[2026-01-13T15:42:45.648+0000] {processor.py:842} WARNING - No viable dags retrieved from /opt/airflow/dags/utils.py
[2026-01-13T15:42:45.662+0000] {processor.py:183} INFO - Processing /opt/airflow/dags/utils.py took 0.034 seconds
[2026-01-13T15:43:15.870+0000] {processor.py:161} INFO - Started process (PID=86) to work on /opt/airflow/dags/utils.py
[2026-01-13T15:43:15.871+0000] {processor.py:830} INFO - Processing file /opt/airflow/dags/utils.py for tasks to queue
[2026-01-13T15:43:15.872+0000] {logging_mixin.py:188} INFO - [2026-01-13T15:43:15.872+0000] {dagbag.py:538} INFO - Filling up the DagBag from /opt/airflow/dags/utils.py
[2026-01-13T15:43:15.888+0000] {logging_mixin.py:188} INFO - [2026-01-13T15:43:15.885+0000] {dagbag.py:348} ERROR - Failed to import: /opt/airflow/dags/utils.py
Traceback (most recent call last):
  File "/home/airflow/.local/lib/python3.11/site-packages/airflow/models/dagbag.py", line 344, in parse
    loader.exec_module(new_module)
  File "<frozen importlib._bootstrap_external>", line 940, in exec_module
  File "<frozen importlib._bootstrap>", line 241, in _call_with_frames_removed
  File "/opt/airflow/dags/utils.py", line 6, in <module>
    from pyhive import hive
ModuleNotFoundError: No module named 'pyhive'
[2026-01-13T15:43:15.889+0000] {processor.py:842} WARNING - No viable dags retrieved from /opt/airflow/dags/utils.py
[2026-01-13T15:43:15.903+0000] {processor.py:183} INFO - Processing /opt/airflow/dags/utils.py took 0.036 seconds
[2026-01-13T15:43:46.070+0000] {processor.py:161} INFO - Started process (PID=88) to work on /opt/airflow/dags/utils.py
[2026-01-13T15:43:46.071+0000] {processor.py:830} INFO - Processing file /opt/airflow/dags/utils.py for tasks to queue
[2026-01-13T15:43:46.073+0000] {logging_mixin.py:188} INFO - [2026-01-13T15:43:46.072+0000] {dagbag.py:538} INFO - Filling up the DagBag from /opt/airflow/dags/utils.py
[2026-01-13T15:43:46.085+0000] {logging_mixin.py:188} INFO - [2026-01-13T15:43:46.083+0000] {dagbag.py:348} ERROR - Failed to import: /opt/airflow/dags/utils.py
Traceback (most recent call last):
  File "/home/airflow/.local/lib/python3.11/site-packages/airflow/models/dagbag.py", line 344, in parse
    loader.exec_module(new_module)
  File "<frozen importlib._bootstrap_external>", line 940, in exec_module
  File "<frozen importlib._bootstrap>", line 241, in _call_with_frames_removed
  File "/opt/airflow/dags/utils.py", line 6, in <module>
    from pyhive import hive
ModuleNotFoundError: No module named 'pyhive'
[2026-01-13T15:43:46.086+0000] {processor.py:842} WARNING - No viable dags retrieved from /opt/airflow/dags/utils.py
[2026-01-13T15:43:46.100+0000] {processor.py:183} INFO - Processing /opt/airflow/dags/utils.py took 0.032 seconds
[2026-01-13T15:44:16.266+0000] {processor.py:161} INFO - Started process (PID=90) to work on /opt/airflow/dags/utils.py
[2026-01-13T15:44:16.267+0000] {processor.py:830} INFO - Processing file /opt/airflow/dags/utils.py for tasks to queue
[2026-01-13T15:44:16.268+0000] {logging_mixin.py:188} INFO - [2026-01-13T15:44:16.268+0000] {dagbag.py:538} INFO - Filling up the DagBag from /opt/airflow/dags/utils.py
[2026-01-13T15:44:16.277+0000] {logging_mixin.py:188} INFO - [2026-01-13T15:44:16.275+0000] {dagbag.py:348} ERROR - Failed to import: /opt/airflow/dags/utils.py
Traceback (most recent call last):
  File "/home/airflow/.local/lib/python3.11/site-packages/airflow/models/dagbag.py", line 344, in parse
    loader.exec_module(new_module)
  File "<frozen importlib._bootstrap_external>", line 940, in exec_module
  File "<frozen importlib._bootstrap>", line 241, in _call_with_frames_removed
  File "/opt/airflow/dags/utils.py", line 6, in <module>
    from pyhive import hive
ModuleNotFoundError: No module named 'pyhive'
[2026-01-13T15:44:16.278+0000] {processor.py:842} WARNING - No viable dags retrieved from /opt/airflow/dags/utils.py
[2026-01-13T15:44:16.291+0000] {processor.py:183} INFO - Processing /opt/airflow/dags/utils.py took 0.028 seconds
[2026-01-13T15:44:46.475+0000] {processor.py:161} INFO - Started process (PID=92) to work on /opt/airflow/dags/utils.py
[2026-01-13T15:44:46.476+0000] {processor.py:830} INFO - Processing file /opt/airflow/dags/utils.py for tasks to queue
[2026-01-13T15:44:46.478+0000] {logging_mixin.py:188} INFO - [2026-01-13T15:44:46.477+0000] {dagbag.py:538} INFO - Filling up the DagBag from /opt/airflow/dags/utils.py
[2026-01-13T15:44:46.490+0000] {logging_mixin.py:188} INFO - [2026-01-13T15:44:46.488+0000] {dagbag.py:348} ERROR - Failed to import: /opt/airflow/dags/utils.py
Traceback (most recent call last):
  File "/home/airflow/.local/lib/python3.11/site-packages/airflow/models/dagbag.py", line 344, in parse
    loader.exec_module(new_module)
  File "<frozen importlib._bootstrap_external>", line 940, in exec_module
  File "<frozen importlib._bootstrap>", line 241, in _call_with_frames_removed
  File "/opt/airflow/dags/utils.py", line 6, in <module>
    from pyhive import hive
ModuleNotFoundError: No module named 'pyhive'
[2026-01-13T15:44:46.491+0000] {processor.py:842} WARNING - No viable dags retrieved from /opt/airflow/dags/utils.py
[2026-01-13T15:44:46.503+0000] {processor.py:183} INFO - Processing /opt/airflow/dags/utils.py took 0.030 seconds
[2026-01-13T15:45:16.727+0000] {processor.py:161} INFO - Started process (PID=94) to work on /opt/airflow/dags/utils.py
[2026-01-13T15:45:16.728+0000] {processor.py:830} INFO - Processing file /opt/airflow/dags/utils.py for tasks to queue
[2026-01-13T15:45:16.730+0000] {logging_mixin.py:188} INFO - [2026-01-13T15:45:16.729+0000] {dagbag.py:538} INFO - Filling up the DagBag from /opt/airflow/dags/utils.py
[2026-01-13T15:45:16.740+0000] {logging_mixin.py:188} INFO - [2026-01-13T15:45:16.738+0000] {dagbag.py:348} ERROR - Failed to import: /opt/airflow/dags/utils.py
Traceback (most recent call last):
  File "/home/airflow/.local/lib/python3.11/site-packages/airflow/models/dagbag.py", line 344, in parse
    loader.exec_module(new_module)
  File "<frozen importlib._bootstrap_external>", line 940, in exec_module
  File "<frozen importlib._bootstrap>", line 241, in _call_with_frames_removed
  File "/opt/airflow/dags/utils.py", line 6, in <module>
    from pyhive import hive
ModuleNotFoundError: No module named 'pyhive'
[2026-01-13T15:45:16.741+0000] {processor.py:842} WARNING - No viable dags retrieved from /opt/airflow/dags/utils.py
[2026-01-13T15:45:16.753+0000] {processor.py:183} INFO - Processing /opt/airflow/dags/utils.py took 0.030 seconds
[2026-01-13T15:45:46.992+0000] {processor.py:161} INFO - Started process (PID=96) to work on /opt/airflow/dags/utils.py
[2026-01-13T15:45:46.993+0000] {processor.py:830} INFO - Processing file /opt/airflow/dags/utils.py for tasks to queue
[2026-01-13T15:45:46.994+0000] {logging_mixin.py:188} INFO - [2026-01-13T15:45:46.994+0000] {dagbag.py:538} INFO - Filling up the DagBag from /opt/airflow/dags/utils.py
[2026-01-13T15:45:47.010+0000] {logging_mixin.py:188} INFO - [2026-01-13T15:45:47.006+0000] {dagbag.py:348} ERROR - Failed to import: /opt/airflow/dags/utils.py
Traceback (most recent call last):
  File "/home/airflow/.local/lib/python3.11/site-packages/airflow/models/dagbag.py", line 344, in parse
    loader.exec_module(new_module)
  File "<frozen importlib._bootstrap_external>", line 940, in exec_module
  File "<frozen importlib._bootstrap>", line 241, in _call_with_frames_removed
  File "/opt/airflow/dags/utils.py", line 6, in <module>
    from pyhive import hive
ModuleNotFoundError: No module named 'pyhive'
[2026-01-13T15:45:47.011+0000] {processor.py:842} WARNING - No viable dags retrieved from /opt/airflow/dags/utils.py
[2026-01-13T15:45:47.025+0000] {processor.py:183} INFO - Processing /opt/airflow/dags/utils.py took 0.035 seconds
[2026-01-13T15:46:17.220+0000] {processor.py:161} INFO - Started process (PID=98) to work on /opt/airflow/dags/utils.py
[2026-01-13T15:46:17.221+0000] {processor.py:830} INFO - Processing file /opt/airflow/dags/utils.py for tasks to queue
[2026-01-13T15:46:17.223+0000] {logging_mixin.py:188} INFO - [2026-01-13T15:46:17.222+0000] {dagbag.py:538} INFO - Filling up the DagBag from /opt/airflow/dags/utils.py
[2026-01-13T15:46:17.237+0000] {logging_mixin.py:188} INFO - [2026-01-13T15:46:17.232+0000] {dagbag.py:348} ERROR - Failed to import: /opt/airflow/dags/utils.py
Traceback (most recent call last):
  File "/home/airflow/.local/lib/python3.11/site-packages/airflow/models/dagbag.py", line 344, in parse
    loader.exec_module(new_module)
  File "<frozen importlib._bootstrap_external>", line 940, in exec_module
  File "<frozen importlib._bootstrap>", line 241, in _call_with_frames_removed
  File "/opt/airflow/dags/utils.py", line 6, in <module>
    from pyhive import hive
ModuleNotFoundError: No module named 'pyhive'
[2026-01-13T15:46:17.238+0000] {processor.py:842} WARNING - No viable dags retrieved from /opt/airflow/dags/utils.py
[2026-01-13T15:46:17.253+0000] {processor.py:183} INFO - Processing /opt/airflow/dags/utils.py took 0.035 seconds
[2026-01-13T15:46:47.422+0000] {processor.py:161} INFO - Started process (PID=100) to work on /opt/airflow/dags/utils.py
[2026-01-13T15:46:47.426+0000] {processor.py:830} INFO - Processing file /opt/airflow/dags/utils.py for tasks to queue
[2026-01-13T15:46:47.427+0000] {logging_mixin.py:188} INFO - [2026-01-13T15:46:47.427+0000] {dagbag.py:538} INFO - Filling up the DagBag from /opt/airflow/dags/utils.py
[2026-01-13T15:46:47.439+0000] {logging_mixin.py:188} INFO - [2026-01-13T15:46:47.436+0000] {dagbag.py:348} ERROR - Failed to import: /opt/airflow/dags/utils.py
Traceback (most recent call last):
  File "/home/airflow/.local/lib/python3.11/site-packages/airflow/models/dagbag.py", line 344, in parse
    loader.exec_module(new_module)
  File "<frozen importlib._bootstrap_external>", line 940, in exec_module
  File "<frozen importlib._bootstrap>", line 241, in _call_with_frames_removed
  File "/opt/airflow/dags/utils.py", line 6, in <module>
    from pyhive import hive
ModuleNotFoundError: No module named 'pyhive'
[2026-01-13T15:46:47.440+0000] {processor.py:842} WARNING - No viable dags retrieved from /opt/airflow/dags/utils.py
[2026-01-13T15:46:47.455+0000] {processor.py:183} INFO - Processing /opt/airflow/dags/utils.py took 0.038 seconds
[2026-01-13T15:47:17.643+0000] {processor.py:161} INFO - Started process (PID=102) to work on /opt/airflow/dags/utils.py
[2026-01-13T15:47:17.644+0000] {processor.py:830} INFO - Processing file /opt/airflow/dags/utils.py for tasks to queue
[2026-01-13T15:47:17.645+0000] {logging_mixin.py:188} INFO - [2026-01-13T15:47:17.645+0000] {dagbag.py:538} INFO - Filling up the DagBag from /opt/airflow/dags/utils.py
[2026-01-13T15:47:17.654+0000] {logging_mixin.py:188} INFO - [2026-01-13T15:47:17.653+0000] {dagbag.py:348} ERROR - Failed to import: /opt/airflow/dags/utils.py
Traceback (most recent call last):
  File "/home/airflow/.local/lib/python3.11/site-packages/airflow/models/dagbag.py", line 344, in parse
    loader.exec_module(new_module)
  File "<frozen importlib._bootstrap_external>", line 940, in exec_module
  File "<frozen importlib._bootstrap>", line 241, in _call_with_frames_removed
  File "/opt/airflow/dags/utils.py", line 6, in <module>
    from pyhive import hive
ModuleNotFoundError: No module named 'pyhive'
[2026-01-13T15:47:17.655+0000] {processor.py:842} WARNING - No viable dags retrieved from /opt/airflow/dags/utils.py
[2026-01-13T15:47:17.671+0000] {processor.py:183} INFO - Processing /opt/airflow/dags/utils.py took 0.031 seconds
[2026-01-13T15:47:47.869+0000] {processor.py:161} INFO - Started process (PID=104) to work on /opt/airflow/dags/utils.py
[2026-01-13T15:47:47.870+0000] {processor.py:830} INFO - Processing file /opt/airflow/dags/utils.py for tasks to queue
[2026-01-13T15:47:47.871+0000] {logging_mixin.py:188} INFO - [2026-01-13T15:47:47.871+0000] {dagbag.py:538} INFO - Filling up the DagBag from /opt/airflow/dags/utils.py
[2026-01-13T15:47:47.884+0000] {logging_mixin.py:188} INFO - [2026-01-13T15:47:47.881+0000] {dagbag.py:348} ERROR - Failed to import: /opt/airflow/dags/utils.py
Traceback (most recent call last):
  File "/home/airflow/.local/lib/python3.11/site-packages/airflow/models/dagbag.py", line 344, in parse
    loader.exec_module(new_module)
  File "<frozen importlib._bootstrap_external>", line 940, in exec_module
  File "<frozen importlib._bootstrap>", line 241, in _call_with_frames_removed
  File "/opt/airflow/dags/utils.py", line 6, in <module>
    from pyhive import hive
ModuleNotFoundError: No module named 'pyhive'
[2026-01-13T15:47:47.885+0000] {processor.py:842} WARNING - No viable dags retrieved from /opt/airflow/dags/utils.py
[2026-01-13T15:47:47.896+0000] {processor.py:183} INFO - Processing /opt/airflow/dags/utils.py took 0.030 seconds
[2026-01-13T15:48:18.080+0000] {processor.py:161} INFO - Started process (PID=106) to work on /opt/airflow/dags/utils.py
[2026-01-13T15:48:18.081+0000] {processor.py:830} INFO - Processing file /opt/airflow/dags/utils.py for tasks to queue
[2026-01-13T15:48:18.082+0000] {logging_mixin.py:188} INFO - [2026-01-13T15:48:18.082+0000] {dagbag.py:538} INFO - Filling up the DagBag from /opt/airflow/dags/utils.py
[2026-01-13T15:48:18.092+0000] {logging_mixin.py:188} INFO - [2026-01-13T15:48:18.090+0000] {dagbag.py:348} ERROR - Failed to import: /opt/airflow/dags/utils.py
Traceback (most recent call last):
  File "/home/airflow/.local/lib/python3.11/site-packages/airflow/models/dagbag.py", line 344, in parse
    loader.exec_module(new_module)
  File "<frozen importlib._bootstrap_external>", line 940, in exec_module
  File "<frozen importlib._bootstrap>", line 241, in _call_with_frames_removed
  File "/opt/airflow/dags/utils.py", line 6, in <module>
    from pyhive import hive
ModuleNotFoundError: No module named 'pyhive'
[2026-01-13T15:48:18.093+0000] {processor.py:842} WARNING - No viable dags retrieved from /opt/airflow/dags/utils.py
[2026-01-13T15:48:18.109+0000] {processor.py:183} INFO - Processing /opt/airflow/dags/utils.py took 0.031 seconds
[2026-01-13T15:48:48.291+0000] {processor.py:161} INFO - Started process (PID=108) to work on /opt/airflow/dags/utils.py
[2026-01-13T15:48:48.291+0000] {processor.py:830} INFO - Processing file /opt/airflow/dags/utils.py for tasks to queue
[2026-01-13T15:48:48.293+0000] {logging_mixin.py:188} INFO - [2026-01-13T15:48:48.293+0000] {dagbag.py:538} INFO - Filling up the DagBag from /opt/airflow/dags/utils.py
[2026-01-13T15:48:48.304+0000] {logging_mixin.py:188} INFO - [2026-01-13T15:48:48.301+0000] {dagbag.py:348} ERROR - Failed to import: /opt/airflow/dags/utils.py
Traceback (most recent call last):
  File "/home/airflow/.local/lib/python3.11/site-packages/airflow/models/dagbag.py", line 344, in parse
    loader.exec_module(new_module)
  File "<frozen importlib._bootstrap_external>", line 940, in exec_module
  File "<frozen importlib._bootstrap>", line 241, in _call_with_frames_removed
  File "/opt/airflow/dags/utils.py", line 6, in <module>
    from pyhive import hive
ModuleNotFoundError: No module named 'pyhive'
[2026-01-13T15:48:48.305+0000] {processor.py:842} WARNING - No viable dags retrieved from /opt/airflow/dags/utils.py
[2026-01-13T15:48:48.320+0000] {processor.py:183} INFO - Processing /opt/airflow/dags/utils.py took 0.031 seconds
[2026-01-13T15:49:18.542+0000] {processor.py:161} INFO - Started process (PID=110) to work on /opt/airflow/dags/utils.py
[2026-01-13T15:49:18.543+0000] {processor.py:830} INFO - Processing file /opt/airflow/dags/utils.py for tasks to queue
[2026-01-13T15:49:18.545+0000] {logging_mixin.py:188} INFO - [2026-01-13T15:49:18.544+0000] {dagbag.py:538} INFO - Filling up the DagBag from /opt/airflow/dags/utils.py
[2026-01-13T15:49:18.562+0000] {logging_mixin.py:188} INFO - [2026-01-13T15:49:18.560+0000] {dagbag.py:348} ERROR - Failed to import: /opt/airflow/dags/utils.py
Traceback (most recent call last):
  File "/home/airflow/.local/lib/python3.11/site-packages/airflow/models/dagbag.py", line 344, in parse
    loader.exec_module(new_module)
  File "<frozen importlib._bootstrap_external>", line 940, in exec_module
  File "<frozen importlib._bootstrap>", line 241, in _call_with_frames_removed
  File "/opt/airflow/dags/utils.py", line 6, in <module>
    from pyhive import hive
ModuleNotFoundError: No module named 'pyhive'
[2026-01-13T15:49:18.563+0000] {processor.py:842} WARNING - No viable dags retrieved from /opt/airflow/dags/utils.py
[2026-01-13T15:49:18.576+0000] {processor.py:183} INFO - Processing /opt/airflow/dags/utils.py took 0.036 seconds
[2026-01-13T15:49:48.762+0000] {processor.py:161} INFO - Started process (PID=112) to work on /opt/airflow/dags/utils.py
[2026-01-13T15:49:48.763+0000] {processor.py:830} INFO - Processing file /opt/airflow/dags/utils.py for tasks to queue
[2026-01-13T15:49:48.765+0000] {logging_mixin.py:188} INFO - [2026-01-13T15:49:48.764+0000] {dagbag.py:538} INFO - Filling up the DagBag from /opt/airflow/dags/utils.py
[2026-01-13T15:49:48.778+0000] {logging_mixin.py:188} INFO - [2026-01-13T15:49:48.775+0000] {dagbag.py:348} ERROR - Failed to import: /opt/airflow/dags/utils.py
Traceback (most recent call last):
  File "/home/airflow/.local/lib/python3.11/site-packages/airflow/models/dagbag.py", line 344, in parse
    loader.exec_module(new_module)
  File "<frozen importlib._bootstrap_external>", line 940, in exec_module
  File "<frozen importlib._bootstrap>", line 241, in _call_with_frames_removed
  File "/opt/airflow/dags/utils.py", line 6, in <module>
    from pyhive import hive
ModuleNotFoundError: No module named 'pyhive'
[2026-01-13T15:49:48.778+0000] {processor.py:842} WARNING - No viable dags retrieved from /opt/airflow/dags/utils.py
[2026-01-13T15:49:48.791+0000] {processor.py:183} INFO - Processing /opt/airflow/dags/utils.py took 0.031 seconds
[2026-01-13T15:50:18.997+0000] {processor.py:161} INFO - Started process (PID=114) to work on /opt/airflow/dags/utils.py
[2026-01-13T15:50:18.997+0000] {processor.py:830} INFO - Processing file /opt/airflow/dags/utils.py for tasks to queue
[2026-01-13T15:50:18.999+0000] {logging_mixin.py:188} INFO - [2026-01-13T15:50:18.999+0000] {dagbag.py:538} INFO - Filling up the DagBag from /opt/airflow/dags/utils.py
[2026-01-13T15:50:19.012+0000] {logging_mixin.py:188} INFO - [2026-01-13T15:50:19.009+0000] {dagbag.py:348} ERROR - Failed to import: /opt/airflow/dags/utils.py
Traceback (most recent call last):
  File "/home/airflow/.local/lib/python3.11/site-packages/airflow/models/dagbag.py", line 344, in parse
    loader.exec_module(new_module)
  File "<frozen importlib._bootstrap_external>", line 940, in exec_module
  File "<frozen importlib._bootstrap>", line 241, in _call_with_frames_removed
  File "/opt/airflow/dags/utils.py", line 6, in <module>
    from pyhive import hive
ModuleNotFoundError: No module named 'pyhive'
[2026-01-13T15:50:19.013+0000] {processor.py:842} WARNING - No viable dags retrieved from /opt/airflow/dags/utils.py
[2026-01-13T15:50:19.027+0000] {processor.py:183} INFO - Processing /opt/airflow/dags/utils.py took 0.033 seconds
[2026-01-13T15:50:49.251+0000] {processor.py:161} INFO - Started process (PID=116) to work on /opt/airflow/dags/utils.py
[2026-01-13T15:50:49.252+0000] {processor.py:830} INFO - Processing file /opt/airflow/dags/utils.py for tasks to queue
[2026-01-13T15:50:49.254+0000] {logging_mixin.py:188} INFO - [2026-01-13T15:50:49.254+0000] {dagbag.py:538} INFO - Filling up the DagBag from /opt/airflow/dags/utils.py
[2026-01-13T15:50:49.266+0000] {logging_mixin.py:188} INFO - [2026-01-13T15:50:49.264+0000] {dagbag.py:348} ERROR - Failed to import: /opt/airflow/dags/utils.py
Traceback (most recent call last):
  File "/home/airflow/.local/lib/python3.11/site-packages/airflow/models/dagbag.py", line 344, in parse
    loader.exec_module(new_module)
  File "<frozen importlib._bootstrap_external>", line 940, in exec_module
  File "<frozen importlib._bootstrap>", line 241, in _call_with_frames_removed
  File "/opt/airflow/dags/utils.py", line 6, in <module>
    from pyhive import hive
ModuleNotFoundError: No module named 'pyhive'
[2026-01-13T15:50:49.267+0000] {processor.py:842} WARNING - No viable dags retrieved from /opt/airflow/dags/utils.py
[2026-01-13T15:50:49.279+0000] {processor.py:183} INFO - Processing /opt/airflow/dags/utils.py took 0.032 seconds
[2026-01-13T15:51:19.534+0000] {processor.py:161} INFO - Started process (PID=118) to work on /opt/airflow/dags/utils.py
[2026-01-13T15:51:19.535+0000] {processor.py:830} INFO - Processing file /opt/airflow/dags/utils.py for tasks to queue
[2026-01-13T15:51:19.536+0000] {logging_mixin.py:188} INFO - [2026-01-13T15:51:19.536+0000] {dagbag.py:538} INFO - Filling up the DagBag from /opt/airflow/dags/utils.py
[2026-01-13T15:51:19.548+0000] {logging_mixin.py:188} INFO - [2026-01-13T15:51:19.546+0000] {dagbag.py:348} ERROR - Failed to import: /opt/airflow/dags/utils.py
Traceback (most recent call last):
  File "/home/airflow/.local/lib/python3.11/site-packages/airflow/models/dagbag.py", line 344, in parse
    loader.exec_module(new_module)
  File "<frozen importlib._bootstrap_external>", line 940, in exec_module
  File "<frozen importlib._bootstrap>", line 241, in _call_with_frames_removed
  File "/opt/airflow/dags/utils.py", line 6, in <module>
    from pyhive import hive
ModuleNotFoundError: No module named 'pyhive'
[2026-01-13T15:51:19.549+0000] {processor.py:842} WARNING - No viable dags retrieved from /opt/airflow/dags/utils.py
[2026-01-13T15:51:19.566+0000] {processor.py:183} INFO - Processing /opt/airflow/dags/utils.py took 0.034 seconds
[2026-01-13T15:51:49.776+0000] {processor.py:161} INFO - Started process (PID=120) to work on /opt/airflow/dags/utils.py
[2026-01-13T15:51:49.776+0000] {processor.py:830} INFO - Processing file /opt/airflow/dags/utils.py for tasks to queue
[2026-01-13T15:51:49.778+0000] {logging_mixin.py:188} INFO - [2026-01-13T15:51:49.778+0000] {dagbag.py:538} INFO - Filling up the DagBag from /opt/airflow/dags/utils.py
[2026-01-13T15:51:49.793+0000] {logging_mixin.py:188} INFO - [2026-01-13T15:51:49.790+0000] {dagbag.py:348} ERROR - Failed to import: /opt/airflow/dags/utils.py
Traceback (most recent call last):
  File "/home/airflow/.local/lib/python3.11/site-packages/airflow/models/dagbag.py", line 344, in parse
    loader.exec_module(new_module)
  File "<frozen importlib._bootstrap_external>", line 940, in exec_module
  File "<frozen importlib._bootstrap>", line 241, in _call_with_frames_removed
  File "/opt/airflow/dags/utils.py", line 6, in <module>
    from pyhive import hive
ModuleNotFoundError: No module named 'pyhive'
[2026-01-13T15:51:49.794+0000] {processor.py:842} WARNING - No viable dags retrieved from /opt/airflow/dags/utils.py
[2026-01-13T15:51:49.811+0000] {processor.py:183} INFO - Processing /opt/airflow/dags/utils.py took 0.038 seconds
[2026-01-13T15:52:20.004+0000] {processor.py:161} INFO - Started process (PID=122) to work on /opt/airflow/dags/utils.py
[2026-01-13T15:52:20.005+0000] {processor.py:830} INFO - Processing file /opt/airflow/dags/utils.py for tasks to queue
[2026-01-13T15:52:20.007+0000] {logging_mixin.py:188} INFO - [2026-01-13T15:52:20.006+0000] {dagbag.py:538} INFO - Filling up the DagBag from /opt/airflow/dags/utils.py
[2026-01-13T15:52:20.019+0000] {logging_mixin.py:188} INFO - [2026-01-13T15:52:20.016+0000] {dagbag.py:348} ERROR - Failed to import: /opt/airflow/dags/utils.py
Traceback (most recent call last):
  File "/home/airflow/.local/lib/python3.11/site-packages/airflow/models/dagbag.py", line 344, in parse
    loader.exec_module(new_module)
  File "<frozen importlib._bootstrap_external>", line 940, in exec_module
  File "<frozen importlib._bootstrap>", line 241, in _call_with_frames_removed
  File "/opt/airflow/dags/utils.py", line 6, in <module>
    from pyhive import hive
ModuleNotFoundError: No module named 'pyhive'
[2026-01-13T15:52:20.020+0000] {processor.py:842} WARNING - No viable dags retrieved from /opt/airflow/dags/utils.py
[2026-01-13T15:52:20.035+0000] {processor.py:183} INFO - Processing /opt/airflow/dags/utils.py took 0.032 seconds
[2026-01-13T15:52:50.208+0000] {processor.py:161} INFO - Started process (PID=124) to work on /opt/airflow/dags/utils.py
[2026-01-13T15:52:50.209+0000] {processor.py:830} INFO - Processing file /opt/airflow/dags/utils.py for tasks to queue
[2026-01-13T15:52:50.211+0000] {logging_mixin.py:188} INFO - [2026-01-13T15:52:50.210+0000] {dagbag.py:538} INFO - Filling up the DagBag from /opt/airflow/dags/utils.py
[2026-01-13T15:52:50.223+0000] {logging_mixin.py:188} INFO - [2026-01-13T15:52:50.220+0000] {dagbag.py:348} ERROR - Failed to import: /opt/airflow/dags/utils.py
Traceback (most recent call last):
  File "/home/airflow/.local/lib/python3.11/site-packages/airflow/models/dagbag.py", line 344, in parse
    loader.exec_module(new_module)
  File "<frozen importlib._bootstrap_external>", line 940, in exec_module
  File "<frozen importlib._bootstrap>", line 241, in _call_with_frames_removed
  File "/opt/airflow/dags/utils.py", line 6, in <module>
    from pyhive import hive
ModuleNotFoundError: No module named 'pyhive'
[2026-01-13T15:52:50.224+0000] {processor.py:842} WARNING - No viable dags retrieved from /opt/airflow/dags/utils.py
[2026-01-13T15:52:50.237+0000] {processor.py:183} INFO - Processing /opt/airflow/dags/utils.py took 0.033 seconds
[2026-01-13T15:53:20.461+0000] {processor.py:161} INFO - Started process (PID=126) to work on /opt/airflow/dags/utils.py
[2026-01-13T15:53:20.462+0000] {processor.py:830} INFO - Processing file /opt/airflow/dags/utils.py for tasks to queue
[2026-01-13T15:53:20.463+0000] {logging_mixin.py:188} INFO - [2026-01-13T15:53:20.463+0000] {dagbag.py:538} INFO - Filling up the DagBag from /opt/airflow/dags/utils.py
[2026-01-13T15:53:20.477+0000] {logging_mixin.py:188} INFO - [2026-01-13T15:53:20.474+0000] {dagbag.py:348} ERROR - Failed to import: /opt/airflow/dags/utils.py
Traceback (most recent call last):
  File "/home/airflow/.local/lib/python3.11/site-packages/airflow/models/dagbag.py", line 344, in parse
    loader.exec_module(new_module)
  File "<frozen importlib._bootstrap_external>", line 940, in exec_module
  File "<frozen importlib._bootstrap>", line 241, in _call_with_frames_removed
  File "/opt/airflow/dags/utils.py", line 6, in <module>
    from pyhive import hive
ModuleNotFoundError: No module named 'pyhive'
[2026-01-13T15:53:20.478+0000] {processor.py:842} WARNING - No viable dags retrieved from /opt/airflow/dags/utils.py
[2026-01-13T15:53:20.492+0000] {processor.py:183} INFO - Processing /opt/airflow/dags/utils.py took 0.033 seconds
[2026-01-13T15:53:50.681+0000] {processor.py:161} INFO - Started process (PID=128) to work on /opt/airflow/dags/utils.py
[2026-01-13T15:53:50.682+0000] {processor.py:830} INFO - Processing file /opt/airflow/dags/utils.py for tasks to queue
[2026-01-13T15:53:50.684+0000] {logging_mixin.py:188} INFO - [2026-01-13T15:53:50.683+0000] {dagbag.py:538} INFO - Filling up the DagBag from /opt/airflow/dags/utils.py
[2026-01-13T15:53:50.693+0000] {logging_mixin.py:188} INFO - [2026-01-13T15:53:50.691+0000] {dagbag.py:348} ERROR - Failed to import: /opt/airflow/dags/utils.py
Traceback (most recent call last):
  File "/home/airflow/.local/lib/python3.11/site-packages/airflow/models/dagbag.py", line 344, in parse
    loader.exec_module(new_module)
  File "<frozen importlib._bootstrap_external>", line 940, in exec_module
  File "<frozen importlib._bootstrap>", line 241, in _call_with_frames_removed
  File "/opt/airflow/dags/utils.py", line 6, in <module>
    from pyhive import hive
ModuleNotFoundError: No module named 'pyhive'
[2026-01-13T15:53:50.694+0000] {processor.py:842} WARNING - No viable dags retrieved from /opt/airflow/dags/utils.py
[2026-01-13T15:53:50.706+0000] {processor.py:183} INFO - Processing /opt/airflow/dags/utils.py took 0.027 seconds
[2026-01-13T15:54:20.888+0000] {processor.py:161} INFO - Started process (PID=130) to work on /opt/airflow/dags/utils.py
[2026-01-13T15:54:20.889+0000] {processor.py:830} INFO - Processing file /opt/airflow/dags/utils.py for tasks to queue
[2026-01-13T15:54:20.890+0000] {logging_mixin.py:188} INFO - [2026-01-13T15:54:20.890+0000] {dagbag.py:538} INFO - Filling up the DagBag from /opt/airflow/dags/utils.py
[2026-01-13T15:54:20.905+0000] {logging_mixin.py:188} INFO - [2026-01-13T15:54:20.903+0000] {dagbag.py:348} ERROR - Failed to import: /opt/airflow/dags/utils.py
Traceback (most recent call last):
  File "/home/airflow/.local/lib/python3.11/site-packages/airflow/models/dagbag.py", line 344, in parse
    loader.exec_module(new_module)
  File "<frozen importlib._bootstrap_external>", line 940, in exec_module
  File "<frozen importlib._bootstrap>", line 241, in _call_with_frames_removed
  File "/opt/airflow/dags/utils.py", line 6, in <module>
    from pyhive import hive
ModuleNotFoundError: No module named 'pyhive'
[2026-01-13T15:54:20.906+0000] {processor.py:842} WARNING - No viable dags retrieved from /opt/airflow/dags/utils.py
[2026-01-13T15:54:20.921+0000] {processor.py:183} INFO - Processing /opt/airflow/dags/utils.py took 0.035 seconds
[2026-01-13T15:54:51.124+0000] {processor.py:161} INFO - Started process (PID=133) to work on /opt/airflow/dags/utils.py
[2026-01-13T15:54:51.124+0000] {processor.py:830} INFO - Processing file /opt/airflow/dags/utils.py for tasks to queue
[2026-01-13T15:54:51.126+0000] {logging_mixin.py:188} INFO - [2026-01-13T15:54:51.126+0000] {dagbag.py:538} INFO - Filling up the DagBag from /opt/airflow/dags/utils.py
[2026-01-13T15:54:51.139+0000] {logging_mixin.py:188} INFO - [2026-01-13T15:54:51.136+0000] {dagbag.py:348} ERROR - Failed to import: /opt/airflow/dags/utils.py
Traceback (most recent call last):
  File "/home/airflow/.local/lib/python3.11/site-packages/airflow/models/dagbag.py", line 344, in parse
    loader.exec_module(new_module)
  File "<frozen importlib._bootstrap_external>", line 940, in exec_module
  File "<frozen importlib._bootstrap>", line 241, in _call_with_frames_removed
  File "/opt/airflow/dags/utils.py", line 6, in <module>
    from pyhive import hive
ModuleNotFoundError: No module named 'pyhive'
[2026-01-13T15:54:51.141+0000] {processor.py:842} WARNING - No viable dags retrieved from /opt/airflow/dags/utils.py
[2026-01-13T15:54:51.154+0000] {processor.py:183} INFO - Processing /opt/airflow/dags/utils.py took 0.033 seconds
[2026-01-13T15:55:21.342+0000] {processor.py:161} INFO - Started process (PID=135) to work on /opt/airflow/dags/utils.py
[2026-01-13T15:55:21.342+0000] {processor.py:830} INFO - Processing file /opt/airflow/dags/utils.py for tasks to queue
[2026-01-13T15:55:21.344+0000] {logging_mixin.py:188} INFO - [2026-01-13T15:55:21.344+0000] {dagbag.py:538} INFO - Filling up the DagBag from /opt/airflow/dags/utils.py
[2026-01-13T15:55:21.356+0000] {logging_mixin.py:188} INFO - [2026-01-13T15:55:21.354+0000] {dagbag.py:348} ERROR - Failed to import: /opt/airflow/dags/utils.py
Traceback (most recent call last):
  File "/home/airflow/.local/lib/python3.11/site-packages/airflow/models/dagbag.py", line 344, in parse
    loader.exec_module(new_module)
  File "<frozen importlib._bootstrap_external>", line 940, in exec_module
  File "<frozen importlib._bootstrap>", line 241, in _call_with_frames_removed
  File "/opt/airflow/dags/utils.py", line 6, in <module>
    from pyhive import hive
ModuleNotFoundError: No module named 'pyhive'
[2026-01-13T15:55:21.357+0000] {processor.py:842} WARNING - No viable dags retrieved from /opt/airflow/dags/utils.py
[2026-01-13T15:55:21.371+0000] {processor.py:183} INFO - Processing /opt/airflow/dags/utils.py took 0.031 seconds
[2026-01-13T15:55:51.706+0000] {processor.py:161} INFO - Started process (PID=140) to work on /opt/airflow/dags/utils.py
[2026-01-13T15:55:51.708+0000] {processor.py:830} INFO - Processing file /opt/airflow/dags/utils.py for tasks to queue
[2026-01-13T15:55:51.709+0000] {logging_mixin.py:188} INFO - [2026-01-13T15:55:51.709+0000] {dagbag.py:538} INFO - Filling up the DagBag from /opt/airflow/dags/utils.py
[2026-01-13T15:55:51.719+0000] {logging_mixin.py:188} INFO - [2026-01-13T15:55:51.717+0000] {dagbag.py:348} ERROR - Failed to import: /opt/airflow/dags/utils.py
Traceback (most recent call last):
  File "/home/airflow/.local/lib/python3.11/site-packages/airflow/models/dagbag.py", line 344, in parse
    loader.exec_module(new_module)
  File "<frozen importlib._bootstrap_external>", line 940, in exec_module
  File "<frozen importlib._bootstrap>", line 241, in _call_with_frames_removed
  File "/opt/airflow/dags/utils.py", line 6, in <module>
    from pyhive import hive
ModuleNotFoundError: No module named 'pyhive'
[2026-01-13T15:55:51.720+0000] {processor.py:842} WARNING - No viable dags retrieved from /opt/airflow/dags/utils.py
[2026-01-13T15:55:51.734+0000] {processor.py:183} INFO - Processing /opt/airflow/dags/utils.py took 0.031 seconds
[2026-01-13T15:56:21.983+0000] {processor.py:161} INFO - Started process (PID=142) to work on /opt/airflow/dags/utils.py
[2026-01-13T15:56:21.984+0000] {processor.py:830} INFO - Processing file /opt/airflow/dags/utils.py for tasks to queue
[2026-01-13T15:56:21.986+0000] {logging_mixin.py:188} INFO - [2026-01-13T15:56:21.985+0000] {dagbag.py:538} INFO - Filling up the DagBag from /opt/airflow/dags/utils.py
[2026-01-13T15:56:21.998+0000] {logging_mixin.py:188} INFO - [2026-01-13T15:56:21.996+0000] {dagbag.py:348} ERROR - Failed to import: /opt/airflow/dags/utils.py
Traceback (most recent call last):
  File "/home/airflow/.local/lib/python3.11/site-packages/airflow/models/dagbag.py", line 344, in parse
    loader.exec_module(new_module)
  File "<frozen importlib._bootstrap_external>", line 940, in exec_module
  File "<frozen importlib._bootstrap>", line 241, in _call_with_frames_removed
  File "/opt/airflow/dags/utils.py", line 6, in <module>
    from pyhive import hive
ModuleNotFoundError: No module named 'pyhive'
[2026-01-13T15:56:21.999+0000] {processor.py:842} WARNING - No viable dags retrieved from /opt/airflow/dags/utils.py
[2026-01-13T15:56:22.017+0000] {processor.py:183} INFO - Processing /opt/airflow/dags/utils.py took 0.037 seconds
[2026-01-13T15:56:52.182+0000] {processor.py:161} INFO - Started process (PID=144) to work on /opt/airflow/dags/utils.py
[2026-01-13T15:56:52.183+0000] {processor.py:830} INFO - Processing file /opt/airflow/dags/utils.py for tasks to queue
[2026-01-13T15:56:52.184+0000] {logging_mixin.py:188} INFO - [2026-01-13T15:56:52.184+0000] {dagbag.py:538} INFO - Filling up the DagBag from /opt/airflow/dags/utils.py
[2026-01-13T15:56:52.207+0000] {logging_mixin.py:188} INFO - [2026-01-13T15:56:52.193+0000] {dagbag.py:348} ERROR - Failed to import: /opt/airflow/dags/utils.py
Traceback (most recent call last):
  File "/home/airflow/.local/lib/python3.11/site-packages/airflow/models/dagbag.py", line 344, in parse
    loader.exec_module(new_module)
  File "<frozen importlib._bootstrap_external>", line 940, in exec_module
  File "<frozen importlib._bootstrap>", line 241, in _call_with_frames_removed
  File "/opt/airflow/dags/utils.py", line 6, in <module>
    from pyhive import hive
ModuleNotFoundError: No module named 'pyhive'
[2026-01-13T15:56:52.208+0000] {processor.py:842} WARNING - No viable dags retrieved from /opt/airflow/dags/utils.py
[2026-01-13T15:56:52.221+0000] {processor.py:183} INFO - Processing /opt/airflow/dags/utils.py took 0.042 seconds
[2026-01-13T15:57:22.381+0000] {processor.py:161} INFO - Started process (PID=146) to work on /opt/airflow/dags/utils.py
[2026-01-13T15:57:22.382+0000] {processor.py:830} INFO - Processing file /opt/airflow/dags/utils.py for tasks to queue
[2026-01-13T15:57:22.384+0000] {logging_mixin.py:188} INFO - [2026-01-13T15:57:22.384+0000] {dagbag.py:538} INFO - Filling up the DagBag from /opt/airflow/dags/utils.py
[2026-01-13T15:57:22.394+0000] {logging_mixin.py:188} INFO - [2026-01-13T15:57:22.392+0000] {dagbag.py:348} ERROR - Failed to import: /opt/airflow/dags/utils.py
Traceback (most recent call last):
  File "/home/airflow/.local/lib/python3.11/site-packages/airflow/models/dagbag.py", line 344, in parse
    loader.exec_module(new_module)
  File "<frozen importlib._bootstrap_external>", line 940, in exec_module
  File "<frozen importlib._bootstrap>", line 241, in _call_with_frames_removed
  File "/opt/airflow/dags/utils.py", line 6, in <module>
    from pyhive import hive
ModuleNotFoundError: No module named 'pyhive'
[2026-01-13T15:57:22.395+0000] {processor.py:842} WARNING - No viable dags retrieved from /opt/airflow/dags/utils.py
[2026-01-13T15:57:22.408+0000] {processor.py:183} INFO - Processing /opt/airflow/dags/utils.py took 0.029 seconds
[2026-01-13T15:57:52.583+0000] {processor.py:161} INFO - Started process (PID=148) to work on /opt/airflow/dags/utils.py
[2026-01-13T15:57:52.584+0000] {processor.py:830} INFO - Processing file /opt/airflow/dags/utils.py for tasks to queue
[2026-01-13T15:57:52.585+0000] {logging_mixin.py:188} INFO - [2026-01-13T15:57:52.585+0000] {dagbag.py:538} INFO - Filling up the DagBag from /opt/airflow/dags/utils.py
[2026-01-13T15:57:52.595+0000] {logging_mixin.py:188} INFO - [2026-01-13T15:57:52.593+0000] {dagbag.py:348} ERROR - Failed to import: /opt/airflow/dags/utils.py
Traceback (most recent call last):
  File "/home/airflow/.local/lib/python3.11/site-packages/airflow/models/dagbag.py", line 344, in parse
    loader.exec_module(new_module)
  File "<frozen importlib._bootstrap_external>", line 940, in exec_module
  File "<frozen importlib._bootstrap>", line 241, in _call_with_frames_removed
  File "/opt/airflow/dags/utils.py", line 6, in <module>
    from pyhive import hive
ModuleNotFoundError: No module named 'pyhive'
[2026-01-13T15:57:52.596+0000] {processor.py:842} WARNING - No viable dags retrieved from /opt/airflow/dags/utils.py
[2026-01-13T15:57:52.611+0000] {processor.py:183} INFO - Processing /opt/airflow/dags/utils.py took 0.031 seconds
[2026-01-13T15:58:22.763+0000] {processor.py:161} INFO - Started process (PID=150) to work on /opt/airflow/dags/utils.py
[2026-01-13T15:58:22.764+0000] {processor.py:830} INFO - Processing file /opt/airflow/dags/utils.py for tasks to queue
[2026-01-13T15:58:22.766+0000] {logging_mixin.py:188} INFO - [2026-01-13T15:58:22.765+0000] {dagbag.py:538} INFO - Filling up the DagBag from /opt/airflow/dags/utils.py
[2026-01-13T15:58:22.780+0000] {logging_mixin.py:188} INFO - [2026-01-13T15:58:22.776+0000] {dagbag.py:348} ERROR - Failed to import: /opt/airflow/dags/utils.py
Traceback (most recent call last):
  File "/home/airflow/.local/lib/python3.11/site-packages/airflow/models/dagbag.py", line 344, in parse
    loader.exec_module(new_module)
  File "<frozen importlib._bootstrap_external>", line 940, in exec_module
  File "<frozen importlib._bootstrap>", line 241, in _call_with_frames_removed
  File "/opt/airflow/dags/utils.py", line 6, in <module>
    from pyhive import hive
ModuleNotFoundError: No module named 'pyhive'
[2026-01-13T15:58:22.781+0000] {processor.py:842} WARNING - No viable dags retrieved from /opt/airflow/dags/utils.py
[2026-01-13T15:58:22.796+0000] {processor.py:183} INFO - Processing /opt/airflow/dags/utils.py took 0.035 seconds
[2026-01-13T15:58:52.981+0000] {processor.py:161} INFO - Started process (PID=152) to work on /opt/airflow/dags/utils.py
[2026-01-13T15:58:52.982+0000] {processor.py:830} INFO - Processing file /opt/airflow/dags/utils.py for tasks to queue
[2026-01-13T15:58:52.984+0000] {logging_mixin.py:188} INFO - [2026-01-13T15:58:52.984+0000] {dagbag.py:538} INFO - Filling up the DagBag from /opt/airflow/dags/utils.py
[2026-01-13T15:58:53.000+0000] {logging_mixin.py:188} INFO - [2026-01-13T15:58:52.997+0000] {dagbag.py:348} ERROR - Failed to import: /opt/airflow/dags/utils.py
Traceback (most recent call last):
  File "/home/airflow/.local/lib/python3.11/site-packages/airflow/models/dagbag.py", line 344, in parse
    loader.exec_module(new_module)
  File "<frozen importlib._bootstrap_external>", line 940, in exec_module
  File "<frozen importlib._bootstrap>", line 241, in _call_with_frames_removed
  File "/opt/airflow/dags/utils.py", line 6, in <module>
    from pyhive import hive
ModuleNotFoundError: No module named 'pyhive'
[2026-01-13T15:58:53.003+0000] {processor.py:842} WARNING - No viable dags retrieved from /opt/airflow/dags/utils.py
[2026-01-13T15:58:53.018+0000] {processor.py:183} INFO - Processing /opt/airflow/dags/utils.py took 0.039 seconds
[2026-01-13T15:59:23.170+0000] {processor.py:161} INFO - Started process (PID=154) to work on /opt/airflow/dags/utils.py
[2026-01-13T15:59:23.170+0000] {processor.py:830} INFO - Processing file /opt/airflow/dags/utils.py for tasks to queue
[2026-01-13T15:59:23.172+0000] {logging_mixin.py:188} INFO - [2026-01-13T15:59:23.172+0000] {dagbag.py:538} INFO - Filling up the DagBag from /opt/airflow/dags/utils.py
[2026-01-13T15:59:23.186+0000] {logging_mixin.py:188} INFO - [2026-01-13T15:59:23.183+0000] {dagbag.py:348} ERROR - Failed to import: /opt/airflow/dags/utils.py
Traceback (most recent call last):
  File "/home/airflow/.local/lib/python3.11/site-packages/airflow/models/dagbag.py", line 344, in parse
    loader.exec_module(new_module)
  File "<frozen importlib._bootstrap_external>", line 940, in exec_module
  File "<frozen importlib._bootstrap>", line 241, in _call_with_frames_removed
  File "/opt/airflow/dags/utils.py", line 6, in <module>
    from pyhive import hive
ModuleNotFoundError: No module named 'pyhive'
[2026-01-13T15:59:23.187+0000] {processor.py:842} WARNING - No viable dags retrieved from /opt/airflow/dags/utils.py
[2026-01-13T15:59:23.199+0000] {processor.py:183} INFO - Processing /opt/airflow/dags/utils.py took 0.032 seconds
[2026-01-13T15:59:53.350+0000] {processor.py:161} INFO - Started process (PID=156) to work on /opt/airflow/dags/utils.py
[2026-01-13T15:59:53.351+0000] {processor.py:830} INFO - Processing file /opt/airflow/dags/utils.py for tasks to queue
[2026-01-13T15:59:53.352+0000] {logging_mixin.py:188} INFO - [2026-01-13T15:59:53.352+0000] {dagbag.py:538} INFO - Filling up the DagBag from /opt/airflow/dags/utils.py
[2026-01-13T15:59:53.365+0000] {logging_mixin.py:188} INFO - [2026-01-13T15:59:53.361+0000] {dagbag.py:348} ERROR - Failed to import: /opt/airflow/dags/utils.py
Traceback (most recent call last):
  File "/home/airflow/.local/lib/python3.11/site-packages/airflow/models/dagbag.py", line 344, in parse
    loader.exec_module(new_module)
  File "<frozen importlib._bootstrap_external>", line 940, in exec_module
  File "<frozen importlib._bootstrap>", line 241, in _call_with_frames_removed
  File "/opt/airflow/dags/utils.py", line 6, in <module>
    from pyhive import hive
ModuleNotFoundError: No module named 'pyhive'
[2026-01-13T15:59:53.366+0000] {processor.py:842} WARNING - No viable dags retrieved from /opt/airflow/dags/utils.py
[2026-01-13T15:59:53.381+0000] {processor.py:183} INFO - Processing /opt/airflow/dags/utils.py took 0.034 seconds
[2026-01-13T16:00:23.544+0000] {processor.py:161} INFO - Started process (PID=158) to work on /opt/airflow/dags/utils.py
[2026-01-13T16:00:23.545+0000] {processor.py:830} INFO - Processing file /opt/airflow/dags/utils.py for tasks to queue
[2026-01-13T16:00:23.547+0000] {logging_mixin.py:188} INFO - [2026-01-13T16:00:23.547+0000] {dagbag.py:538} INFO - Filling up the DagBag from /opt/airflow/dags/utils.py
[2026-01-13T16:00:23.565+0000] {logging_mixin.py:188} INFO - [2026-01-13T16:00:23.561+0000] {dagbag.py:348} ERROR - Failed to import: /opt/airflow/dags/utils.py
Traceback (most recent call last):
  File "/home/airflow/.local/lib/python3.11/site-packages/airflow/models/dagbag.py", line 344, in parse
    loader.exec_module(new_module)
  File "<frozen importlib._bootstrap_external>", line 940, in exec_module
  File "<frozen importlib._bootstrap>", line 241, in _call_with_frames_removed
  File "/opt/airflow/dags/utils.py", line 6, in <module>
    from pyhive import hive
ModuleNotFoundError: No module named 'pyhive'
[2026-01-13T16:00:23.567+0000] {processor.py:842} WARNING - No viable dags retrieved from /opt/airflow/dags/utils.py
[2026-01-13T16:00:23.580+0000] {processor.py:183} INFO - Processing /opt/airflow/dags/utils.py took 0.038 seconds
[2026-01-13T16:00:53.747+0000] {processor.py:161} INFO - Started process (PID=160) to work on /opt/airflow/dags/utils.py
[2026-01-13T16:00:53.748+0000] {processor.py:830} INFO - Processing file /opt/airflow/dags/utils.py for tasks to queue
[2026-01-13T16:00:53.750+0000] {logging_mixin.py:188} INFO - [2026-01-13T16:00:53.750+0000] {dagbag.py:538} INFO - Filling up the DagBag from /opt/airflow/dags/utils.py
[2026-01-13T16:00:53.763+0000] {logging_mixin.py:188} INFO - [2026-01-13T16:00:53.761+0000] {dagbag.py:348} ERROR - Failed to import: /opt/airflow/dags/utils.py
Traceback (most recent call last):
  File "/home/airflow/.local/lib/python3.11/site-packages/airflow/models/dagbag.py", line 344, in parse
    loader.exec_module(new_module)
  File "<frozen importlib._bootstrap_external>", line 940, in exec_module
  File "<frozen importlib._bootstrap>", line 241, in _call_with_frames_removed
  File "/opt/airflow/dags/utils.py", line 6, in <module>
    from pyhive import hive
ModuleNotFoundError: No module named 'pyhive'
[2026-01-13T16:00:53.764+0000] {processor.py:842} WARNING - No viable dags retrieved from /opt/airflow/dags/utils.py
[2026-01-13T16:00:53.782+0000] {processor.py:183} INFO - Processing /opt/airflow/dags/utils.py took 0.038 seconds
[2026-01-13T16:01:23.970+0000] {processor.py:161} INFO - Started process (PID=162) to work on /opt/airflow/dags/utils.py
[2026-01-13T16:01:23.971+0000] {processor.py:830} INFO - Processing file /opt/airflow/dags/utils.py for tasks to queue
[2026-01-13T16:01:23.972+0000] {logging_mixin.py:188} INFO - [2026-01-13T16:01:23.972+0000] {dagbag.py:538} INFO - Filling up the DagBag from /opt/airflow/dags/utils.py
[2026-01-13T16:01:23.984+0000] {logging_mixin.py:188} INFO - [2026-01-13T16:01:23.981+0000] {dagbag.py:348} ERROR - Failed to import: /opt/airflow/dags/utils.py
Traceback (most recent call last):
  File "/home/airflow/.local/lib/python3.11/site-packages/airflow/models/dagbag.py", line 344, in parse
    loader.exec_module(new_module)
  File "<frozen importlib._bootstrap_external>", line 940, in exec_module
  File "<frozen importlib._bootstrap>", line 241, in _call_with_frames_removed
  File "/opt/airflow/dags/utils.py", line 6, in <module>
    from pyhive import hive
ModuleNotFoundError: No module named 'pyhive'
[2026-01-13T16:01:23.985+0000] {processor.py:842} WARNING - No viable dags retrieved from /opt/airflow/dags/utils.py
[2026-01-13T16:01:23.998+0000] {processor.py:183} INFO - Processing /opt/airflow/dags/utils.py took 0.030 seconds
[2026-01-13T16:01:54.153+0000] {processor.py:161} INFO - Started process (PID=164) to work on /opt/airflow/dags/utils.py
[2026-01-13T16:01:54.154+0000] {processor.py:830} INFO - Processing file /opt/airflow/dags/utils.py for tasks to queue
[2026-01-13T16:01:54.157+0000] {logging_mixin.py:188} INFO - [2026-01-13T16:01:54.156+0000] {dagbag.py:538} INFO - Filling up the DagBag from /opt/airflow/dags/utils.py
[2026-01-13T16:01:54.179+0000] {logging_mixin.py:188} INFO - [2026-01-13T16:01:54.175+0000] {dagbag.py:348} ERROR - Failed to import: /opt/airflow/dags/utils.py
Traceback (most recent call last):
  File "/home/airflow/.local/lib/python3.11/site-packages/airflow/models/dagbag.py", line 344, in parse
    loader.exec_module(new_module)
  File "<frozen importlib._bootstrap_external>", line 940, in exec_module
  File "<frozen importlib._bootstrap>", line 241, in _call_with_frames_removed
  File "/opt/airflow/dags/utils.py", line 6, in <module>
    from pyhive import hive
ModuleNotFoundError: No module named 'pyhive'
[2026-01-13T16:01:54.181+0000] {processor.py:842} WARNING - No viable dags retrieved from /opt/airflow/dags/utils.py
[2026-01-13T16:01:54.202+0000] {processor.py:183} INFO - Processing /opt/airflow/dags/utils.py took 0.051 seconds
[2026-01-13T16:02:24.365+0000] {processor.py:161} INFO - Started process (PID=166) to work on /opt/airflow/dags/utils.py
[2026-01-13T16:02:24.366+0000] {processor.py:830} INFO - Processing file /opt/airflow/dags/utils.py for tasks to queue
[2026-01-13T16:02:24.367+0000] {logging_mixin.py:188} INFO - [2026-01-13T16:02:24.367+0000] {dagbag.py:538} INFO - Filling up the DagBag from /opt/airflow/dags/utils.py
[2026-01-13T16:02:24.381+0000] {logging_mixin.py:188} INFO - [2026-01-13T16:02:24.379+0000] {dagbag.py:348} ERROR - Failed to import: /opt/airflow/dags/utils.py
Traceback (most recent call last):
  File "/home/airflow/.local/lib/python3.11/site-packages/airflow/models/dagbag.py", line 344, in parse
    loader.exec_module(new_module)
  File "<frozen importlib._bootstrap_external>", line 940, in exec_module
  File "<frozen importlib._bootstrap>", line 241, in _call_with_frames_removed
  File "/opt/airflow/dags/utils.py", line 6, in <module>
    from pyhive import hive
ModuleNotFoundError: No module named 'pyhive'
[2026-01-13T16:02:24.382+0000] {processor.py:842} WARNING - No viable dags retrieved from /opt/airflow/dags/utils.py
[2026-01-13T16:02:24.395+0000] {processor.py:183} INFO - Processing /opt/airflow/dags/utils.py took 0.032 seconds
[2026-01-13T16:02:54.556+0000] {processor.py:161} INFO - Started process (PID=168) to work on /opt/airflow/dags/utils.py
[2026-01-13T16:02:54.557+0000] {processor.py:830} INFO - Processing file /opt/airflow/dags/utils.py for tasks to queue
[2026-01-13T16:02:54.559+0000] {logging_mixin.py:188} INFO - [2026-01-13T16:02:54.558+0000] {dagbag.py:538} INFO - Filling up the DagBag from /opt/airflow/dags/utils.py
[2026-01-13T16:02:54.570+0000] {logging_mixin.py:188} INFO - [2026-01-13T16:02:54.567+0000] {dagbag.py:348} ERROR - Failed to import: /opt/airflow/dags/utils.py
Traceback (most recent call last):
  File "/home/airflow/.local/lib/python3.11/site-packages/airflow/models/dagbag.py", line 344, in parse
    loader.exec_module(new_module)
  File "<frozen importlib._bootstrap_external>", line 940, in exec_module
  File "<frozen importlib._bootstrap>", line 241, in _call_with_frames_removed
  File "/opt/airflow/dags/utils.py", line 6, in <module>
    from pyhive import hive
ModuleNotFoundError: No module named 'pyhive'
[2026-01-13T16:02:54.571+0000] {processor.py:842} WARNING - No viable dags retrieved from /opt/airflow/dags/utils.py
[2026-01-13T16:02:54.586+0000] {processor.py:183} INFO - Processing /opt/airflow/dags/utils.py took 0.033 seconds
[2026-01-13T16:03:24.764+0000] {processor.py:161} INFO - Started process (PID=170) to work on /opt/airflow/dags/utils.py
[2026-01-13T16:03:24.765+0000] {processor.py:830} INFO - Processing file /opt/airflow/dags/utils.py for tasks to queue
[2026-01-13T16:03:24.767+0000] {logging_mixin.py:188} INFO - [2026-01-13T16:03:24.767+0000] {dagbag.py:538} INFO - Filling up the DagBag from /opt/airflow/dags/utils.py
[2026-01-13T16:03:24.778+0000] {logging_mixin.py:188} INFO - [2026-01-13T16:03:24.775+0000] {dagbag.py:348} ERROR - Failed to import: /opt/airflow/dags/utils.py
Traceback (most recent call last):
  File "/home/airflow/.local/lib/python3.11/site-packages/airflow/models/dagbag.py", line 344, in parse
    loader.exec_module(new_module)
  File "<frozen importlib._bootstrap_external>", line 940, in exec_module
  File "<frozen importlib._bootstrap>", line 241, in _call_with_frames_removed
  File "/opt/airflow/dags/utils.py", line 6, in <module>
    from pyhive import hive
ModuleNotFoundError: No module named 'pyhive'
[2026-01-13T16:03:24.779+0000] {processor.py:842} WARNING - No viable dags retrieved from /opt/airflow/dags/utils.py
[2026-01-13T16:03:24.794+0000] {processor.py:183} INFO - Processing /opt/airflow/dags/utils.py took 0.031 seconds
[2026-01-13T16:03:54.953+0000] {processor.py:161} INFO - Started process (PID=172) to work on /opt/airflow/dags/utils.py
[2026-01-13T16:03:54.954+0000] {processor.py:830} INFO - Processing file /opt/airflow/dags/utils.py for tasks to queue
[2026-01-13T16:03:54.956+0000] {logging_mixin.py:188} INFO - [2026-01-13T16:03:54.956+0000] {dagbag.py:538} INFO - Filling up the DagBag from /opt/airflow/dags/utils.py
[2026-01-13T16:03:54.967+0000] {logging_mixin.py:188} INFO - [2026-01-13T16:03:54.964+0000] {dagbag.py:348} ERROR - Failed to import: /opt/airflow/dags/utils.py
Traceback (most recent call last):
  File "/home/airflow/.local/lib/python3.11/site-packages/airflow/models/dagbag.py", line 344, in parse
    loader.exec_module(new_module)
  File "<frozen importlib._bootstrap_external>", line 940, in exec_module
  File "<frozen importlib._bootstrap>", line 241, in _call_with_frames_removed
  File "/opt/airflow/dags/utils.py", line 6, in <module>
    from pyhive import hive
ModuleNotFoundError: No module named 'pyhive'
[2026-01-13T16:03:54.968+0000] {processor.py:842} WARNING - No viable dags retrieved from /opt/airflow/dags/utils.py
[2026-01-13T16:03:54.984+0000] {processor.py:183} INFO - Processing /opt/airflow/dags/utils.py took 0.033 seconds
[2026-01-13T16:04:25.143+0000] {processor.py:161} INFO - Started process (PID=174) to work on /opt/airflow/dags/utils.py
[2026-01-13T16:04:25.144+0000] {processor.py:830} INFO - Processing file /opt/airflow/dags/utils.py for tasks to queue
[2026-01-13T16:04:25.145+0000] {logging_mixin.py:188} INFO - [2026-01-13T16:04:25.145+0000] {dagbag.py:538} INFO - Filling up the DagBag from /opt/airflow/dags/utils.py
[2026-01-13T16:04:25.158+0000] {logging_mixin.py:188} INFO - [2026-01-13T16:04:25.155+0000] {dagbag.py:348} ERROR - Failed to import: /opt/airflow/dags/utils.py
Traceback (most recent call last):
  File "/home/airflow/.local/lib/python3.11/site-packages/airflow/models/dagbag.py", line 344, in parse
    loader.exec_module(new_module)
  File "<frozen importlib._bootstrap_external>", line 940, in exec_module
  File "<frozen importlib._bootstrap>", line 241, in _call_with_frames_removed
  File "/opt/airflow/dags/utils.py", line 6, in <module>
    from pyhive import hive
ModuleNotFoundError: No module named 'pyhive'
[2026-01-13T16:04:25.159+0000] {processor.py:842} WARNING - No viable dags retrieved from /opt/airflow/dags/utils.py
[2026-01-13T16:04:25.173+0000] {processor.py:183} INFO - Processing /opt/airflow/dags/utils.py took 0.033 seconds
[2026-01-13T16:04:55.358+0000] {processor.py:161} INFO - Started process (PID=176) to work on /opt/airflow/dags/utils.py
[2026-01-13T16:04:55.359+0000] {processor.py:830} INFO - Processing file /opt/airflow/dags/utils.py for tasks to queue
[2026-01-13T16:04:55.361+0000] {logging_mixin.py:188} INFO - [2026-01-13T16:04:55.360+0000] {dagbag.py:538} INFO - Filling up the DagBag from /opt/airflow/dags/utils.py
[2026-01-13T16:04:55.377+0000] {logging_mixin.py:188} INFO - [2026-01-13T16:04:55.375+0000] {dagbag.py:348} ERROR - Failed to import: /opt/airflow/dags/utils.py
Traceback (most recent call last):
  File "/home/airflow/.local/lib/python3.11/site-packages/airflow/models/dagbag.py", line 344, in parse
    loader.exec_module(new_module)
  File "<frozen importlib._bootstrap_external>", line 940, in exec_module
  File "<frozen importlib._bootstrap>", line 241, in _call_with_frames_removed
  File "/opt/airflow/dags/utils.py", line 6, in <module>
    from pyhive import hive
ModuleNotFoundError: No module named 'pyhive'
[2026-01-13T16:04:55.378+0000] {processor.py:842} WARNING - No viable dags retrieved from /opt/airflow/dags/utils.py
[2026-01-13T16:04:55.392+0000] {processor.py:183} INFO - Processing /opt/airflow/dags/utils.py took 0.036 seconds
[2026-01-13T16:05:25.556+0000] {processor.py:161} INFO - Started process (PID=178) to work on /opt/airflow/dags/utils.py
[2026-01-13T16:05:25.557+0000] {processor.py:830} INFO - Processing file /opt/airflow/dags/utils.py for tasks to queue
[2026-01-13T16:05:25.559+0000] {logging_mixin.py:188} INFO - [2026-01-13T16:05:25.558+0000] {dagbag.py:538} INFO - Filling up the DagBag from /opt/airflow/dags/utils.py
[2026-01-13T16:05:25.574+0000] {logging_mixin.py:188} INFO - [2026-01-13T16:05:25.570+0000] {dagbag.py:348} ERROR - Failed to import: /opt/airflow/dags/utils.py
Traceback (most recent call last):
  File "/home/airflow/.local/lib/python3.11/site-packages/airflow/models/dagbag.py", line 344, in parse
    loader.exec_module(new_module)
  File "<frozen importlib._bootstrap_external>", line 940, in exec_module
  File "<frozen importlib._bootstrap>", line 241, in _call_with_frames_removed
  File "/opt/airflow/dags/utils.py", line 6, in <module>
    from pyhive import hive
ModuleNotFoundError: No module named 'pyhive'
[2026-01-13T16:05:25.574+0000] {processor.py:842} WARNING - No viable dags retrieved from /opt/airflow/dags/utils.py
[2026-01-13T16:05:25.589+0000] {processor.py:183} INFO - Processing /opt/airflow/dags/utils.py took 0.036 seconds
[2026-01-13T16:05:55.760+0000] {processor.py:161} INFO - Started process (PID=180) to work on /opt/airflow/dags/utils.py
[2026-01-13T16:05:55.761+0000] {processor.py:830} INFO - Processing file /opt/airflow/dags/utils.py for tasks to queue
[2026-01-13T16:05:55.762+0000] {logging_mixin.py:188} INFO - [2026-01-13T16:05:55.762+0000] {dagbag.py:538} INFO - Filling up the DagBag from /opt/airflow/dags/utils.py
[2026-01-13T16:05:55.774+0000] {logging_mixin.py:188} INFO - [2026-01-13T16:05:55.771+0000] {dagbag.py:348} ERROR - Failed to import: /opt/airflow/dags/utils.py
Traceback (most recent call last):
  File "/home/airflow/.local/lib/python3.11/site-packages/airflow/models/dagbag.py", line 344, in parse
    loader.exec_module(new_module)
  File "<frozen importlib._bootstrap_external>", line 940, in exec_module
  File "<frozen importlib._bootstrap>", line 241, in _call_with_frames_removed
  File "/opt/airflow/dags/utils.py", line 6, in <module>
    from pyhive import hive
ModuleNotFoundError: No module named 'pyhive'
[2026-01-13T16:05:55.775+0000] {processor.py:842} WARNING - No viable dags retrieved from /opt/airflow/dags/utils.py
[2026-01-13T16:05:55.788+0000] {processor.py:183} INFO - Processing /opt/airflow/dags/utils.py took 0.031 seconds
[2026-01-13T16:06:25.994+0000] {processor.py:161} INFO - Started process (PID=182) to work on /opt/airflow/dags/utils.py
[2026-01-13T16:06:25.995+0000] {processor.py:830} INFO - Processing file /opt/airflow/dags/utils.py for tasks to queue
[2026-01-13T16:06:25.997+0000] {logging_mixin.py:188} INFO - [2026-01-13T16:06:25.996+0000] {dagbag.py:538} INFO - Filling up the DagBag from /opt/airflow/dags/utils.py
[2026-01-13T16:06:26.006+0000] {logging_mixin.py:188} INFO - [2026-01-13T16:06:26.004+0000] {dagbag.py:348} ERROR - Failed to import: /opt/airflow/dags/utils.py
Traceback (most recent call last):
  File "/home/airflow/.local/lib/python3.11/site-packages/airflow/models/dagbag.py", line 344, in parse
    loader.exec_module(new_module)
  File "<frozen importlib._bootstrap_external>", line 940, in exec_module
  File "<frozen importlib._bootstrap>", line 241, in _call_with_frames_removed
  File "/opt/airflow/dags/utils.py", line 6, in <module>
    from pyhive import hive
ModuleNotFoundError: No module named 'pyhive'
[2026-01-13T16:06:26.007+0000] {processor.py:842} WARNING - No viable dags retrieved from /opt/airflow/dags/utils.py
[2026-01-13T16:06:26.021+0000] {processor.py:183} INFO - Processing /opt/airflow/dags/utils.py took 0.028 seconds
