[2026-01-14T06:11:51.365+0000] {taskinstance.py:1956} INFO - Dependencies all met for dep_context=non-requeueable deps ti=<TaskInstance: procurement_daily_pipeline_sequential.create_hive_tables manual__2026-01-14T06:11:45.802052+00:00 [queued]>
[2026-01-14T06:11:51.371+0000] {taskinstance.py:1956} INFO - Dependencies all met for dep_context=requeueable deps ti=<TaskInstance: procurement_daily_pipeline_sequential.create_hive_tables manual__2026-01-14T06:11:45.802052+00:00 [queued]>
[2026-01-14T06:11:51.372+0000] {taskinstance.py:2170} INFO - Starting attempt 1 of 3
[2026-01-14T06:11:51.380+0000] {taskinstance.py:2191} INFO - Executing <Task(PythonOperator): create_hive_tables> on 2026-01-14 06:11:45.802052+00:00
[2026-01-14T06:11:51.384+0000] {standard_task_runner.py:60} INFO - Started process 532 to run task
[2026-01-14T06:11:51.386+0000] {standard_task_runner.py:87} INFO - Running: ['airflow', 'tasks', 'run', 'procurement_daily_pipeline_sequential', 'create_hive_tables', 'manual__2026-01-14T06:11:45.802052+00:00', '--job-id', '75', '--raw', '--subdir', 'DAGS_FOLDER/pipeline.py', '--cfg-path', '/tmp/tmpo37slg25']
[2026-01-14T06:11:51.388+0000] {standard_task_runner.py:88} INFO - Job 75: Subtask create_hive_tables
[2026-01-14T06:11:51.420+0000] {task_command.py:423} INFO - Running <TaskInstance: procurement_daily_pipeline_sequential.create_hive_tables manual__2026-01-14T06:11:45.802052+00:00 [running]> on host 400ff770cba1
[2026-01-14T06:11:51.468+0000] {taskinstance.py:2480} INFO - Exporting env vars: AIRFLOW_CTX_DAG_OWNER='procurement_team' AIRFLOW_CTX_DAG_ID='procurement_daily_pipeline_sequential' AIRFLOW_CTX_TASK_ID='create_hive_tables' AIRFLOW_CTX_EXECUTION_DATE='2026-01-14T06:11:45.802052+00:00' AIRFLOW_CTX_TRY_NUMBER='1' AIRFLOW_CTX_DAG_RUN_ID='manual__2026-01-14T06:11:45.802052+00:00'
[2026-01-14T06:11:51.468+0000] {pipeline.py:312} INFO - Creating Hive tables...
[2026-01-14T06:11:51.471+0000] {logging_mixin.py:188} WARNING - /home/airflow/.local/lib/python3.11/site-packages/airflow/utils/context.py:315 AirflowContextDeprecationWarning: Accessing 'execution_date' from the template is deprecated and will be removed in a future version. Please use 'data_interval_start' or 'logical_date' instead.
[2026-01-14T06:11:51.723+0000] {base.py:83} INFO - Using connection ID 'hdfs_default' for task execution.
[2026-01-14T06:11:51.724+0000] {webhdfs.py:82} INFO - Trying to connect to namenode:9870
[2026-01-14T06:11:51.725+0000] {webhdfs.py:86} INFO - Trying namenode namenode
[2026-01-14T06:11:51.725+0000] {client.py:192} INFO - Instantiated <InsecureClient(url='http://namenode:9870')>.
[2026-01-14T06:11:51.725+0000] {client.py:320} INFO - Fetching status for '/'.
[2026-01-14T06:11:51.730+0000] {webhdfs.py:96} INFO - Using namenode namenode for hook
[2026-01-14T06:11:51.730+0000] {client.py:551} INFO - Uploading '/opt/airflow/data/temp/logs/tasks/14-01-2026/create_hive_tables_20260114_061151.json' to '/procurement/logs/tasks/14-01-2026/create_hive_tables_20260114_061151.json'.
[2026-01-14T06:11:51.731+0000] {client.py:1116} INFO - Listing '/procurement/logs/tasks/14-01-2026/create_hive_tables_20260114_061151.json'.
[2026-01-14T06:11:51.738+0000] {client.py:496} INFO - Writing to '/procurement/logs/tasks/14-01-2026/create_hive_tables_20260114_061151.json'.
[2026-01-14T06:11:51.821+0000] {python.py:201} INFO - Done. Returned value was: {'status': 'success', 'orders_count': 1000, 'stock_count': 172}
[2026-01-14T06:11:51.833+0000] {taskinstance.py:1138} INFO - Marking task as SUCCESS. dag_id=procurement_daily_pipeline_sequential, task_id=create_hive_tables, execution_date=20260114T061145, start_date=20260114T061151, end_date=20260114T061151
[2026-01-14T06:11:51.880+0000] {local_task_job_runner.py:234} INFO - Task exited with return code 0
[2026-01-14T06:11:51.896+0000] {taskinstance.py:3280} INFO - 1 downstream tasks scheduled from follow-on schedule check
