[2026-01-14T05:54:33.910+0000] {taskinstance.py:1956} INFO - Dependencies all met for dep_context=non-requeueable deps ti=<TaskInstance: procurement_daily_pipeline_sequential.load_orders manual__2026-01-14T05:54:09.408817+00:00 [queued]>
[2026-01-14T05:54:33.915+0000] {taskinstance.py:1956} INFO - Dependencies all met for dep_context=requeueable deps ti=<TaskInstance: procurement_daily_pipeline_sequential.load_orders manual__2026-01-14T05:54:09.408817+00:00 [queued]>
[2026-01-14T05:54:33.916+0000] {taskinstance.py:2170} INFO - Starting attempt 1 of 3
[2026-01-14T05:54:33.923+0000] {taskinstance.py:2191} INFO - Executing <Task(PythonOperator): load_orders> on 2026-01-14 05:54:09.408817+00:00
[2026-01-14T05:54:33.927+0000] {standard_task_runner.py:60} INFO - Started process 264 to run task
[2026-01-14T05:54:33.929+0000] {standard_task_runner.py:87} INFO - Running: ['airflow', 'tasks', 'run', 'procurement_daily_pipeline_sequential', 'load_orders', 'manual__2026-01-14T05:54:09.408817+00:00', '--job-id', '55', '--raw', '--subdir', 'DAGS_FOLDER/pipeline.py', '--cfg-path', '/tmp/tmp1c6yl8tw']
[2026-01-14T05:54:33.930+0000] {standard_task_runner.py:88} INFO - Job 55: Subtask load_orders
[2026-01-14T05:54:33.960+0000] {task_command.py:423} INFO - Running <TaskInstance: procurement_daily_pipeline_sequential.load_orders manual__2026-01-14T05:54:09.408817+00:00 [running]> on host 400ff770cba1
[2026-01-14T05:54:34.009+0000] {taskinstance.py:2480} INFO - Exporting env vars: AIRFLOW_CTX_DAG_OWNER='procurement_team' AIRFLOW_CTX_DAG_ID='procurement_daily_pipeline_sequential' AIRFLOW_CTX_TASK_ID='load_orders' AIRFLOW_CTX_EXECUTION_DATE='2026-01-14T05:54:09.408817+00:00' AIRFLOW_CTX_TRY_NUMBER='1' AIRFLOW_CTX_DAG_RUN_ID='manual__2026-01-14T05:54:09.408817+00:00'
[2026-01-14T05:54:34.011+0000] {pipeline.py:148} INFO - Loading orders to HDFS...
[2026-01-14T05:54:34.014+0000] {logging_mixin.py:188} WARNING - /home/airflow/.local/lib/python3.11/site-packages/airflow/utils/context.py:315 AirflowContextDeprecationWarning: Accessing 'execution_date' from the template is deprecated and will be removed in a future version. Please use 'data_interval_start' or 'logical_date' instead.
[2026-01-14T05:54:34.023+0000] {base.py:83} INFO - Using connection ID 'hdfs_default' for task execution.
[2026-01-14T05:54:34.024+0000] {webhdfs.py:82} INFO - Trying to connect to namenode:9870
[2026-01-14T05:54:34.024+0000] {webhdfs.py:86} INFO - Trying namenode namenode
[2026-01-14T05:54:34.025+0000] {client.py:192} INFO - Instantiated <InsecureClient(url='http://namenode:9870')>.
[2026-01-14T05:54:34.025+0000] {client.py:320} INFO - Fetching status for '/'.
[2026-01-14T05:54:35.559+0000] {webhdfs.py:96} INFO - Using namenode namenode for hook
[2026-01-14T05:54:35.559+0000] {client.py:551} INFO - Uploading '/opt/airflow/data/raw/orders/14-01-2026/orders.csv' to '/procurement/raw/orders/14-01-2026/orders.csv'.
[2026-01-14T05:54:35.560+0000] {client.py:1116} INFO - Listing '/procurement/raw/orders/14-01-2026/orders.csv'.
[2026-01-14T05:54:35.576+0000] {client.py:496} INFO - Writing to '/procurement/raw/orders/14-01-2026/orders.csv.temp-1768370075572514'.
[2026-01-14T05:54:37.270+0000] {client.py:902} INFO - Deleting '/procurement/raw/orders/14-01-2026/orders.csv' recursively.
[2026-01-14T05:54:37.278+0000] {client.py:937} INFO - Renaming '/procurement/raw/orders/14-01-2026/orders.csv.temp-1768370075572514' to '/procurement/raw/orders/14-01-2026/orders.csv'.
[2026-01-14T05:54:37.316+0000] {python.py:201} INFO - Done. Returned value was: {'status': 'success', 'hdfs_path': '/procurement/raw/orders/14-01-2026/orders.csv'}
[2026-01-14T05:54:37.327+0000] {taskinstance.py:1138} INFO - Marking task as SUCCESS. dag_id=procurement_daily_pipeline_sequential, task_id=load_orders, execution_date=20260114T055409, start_date=20260114T055433, end_date=20260114T055437
[2026-01-14T05:54:37.353+0000] {local_task_job_runner.py:234} INFO - Task exited with return code 0
[2026-01-14T05:54:37.370+0000] {taskinstance.py:3280} INFO - 1 downstream tasks scheduled from follow-on schedule check
