[2026-01-14T05:44:21.175+0000] {taskinstance.py:1956} INFO - Dependencies all met for dep_context=non-requeueable deps ti=<TaskInstance: procurement_daily_pipeline_sequential.load_stock manual__2026-01-14T00:00:00+00:00 [queued]>
[2026-01-14T05:44:21.183+0000] {taskinstance.py:1956} INFO - Dependencies all met for dep_context=requeueable deps ti=<TaskInstance: procurement_daily_pipeline_sequential.load_stock manual__2026-01-14T00:00:00+00:00 [queued]>
[2026-01-14T05:44:21.183+0000] {taskinstance.py:2170} INFO - Starting attempt 1 of 3
[2026-01-14T05:44:21.191+0000] {taskinstance.py:2191} INFO - Executing <Task(PythonOperator): load_stock> on 2026-01-14 00:00:00+00:00
[2026-01-14T05:44:21.195+0000] {standard_task_runner.py:60} INFO - Started process 222 to run task
[2026-01-14T05:44:21.197+0000] {standard_task_runner.py:87} INFO - Running: ['airflow', 'tasks', 'run', 'procurement_daily_pipeline_sequential', 'load_stock', 'manual__2026-01-14T00:00:00+00:00', '--job-id', '48', '--raw', '--subdir', 'DAGS_FOLDER/pipeline.py', '--cfg-path', '/tmp/tmpv0992aul']
[2026-01-14T05:44:21.199+0000] {standard_task_runner.py:88} INFO - Job 48: Subtask load_stock
[2026-01-14T05:44:21.246+0000] {task_command.py:423} INFO - Running <TaskInstance: procurement_daily_pipeline_sequential.load_stock manual__2026-01-14T00:00:00+00:00 [running]> on host db99c37ee18c
[2026-01-14T05:44:21.313+0000] {taskinstance.py:2480} INFO - Exporting env vars: AIRFLOW_CTX_DAG_OWNER='procurement_team' AIRFLOW_CTX_DAG_ID='procurement_daily_pipeline_sequential' AIRFLOW_CTX_TASK_ID='load_stock' AIRFLOW_CTX_EXECUTION_DATE='2026-01-14T00:00:00+00:00' AIRFLOW_CTX_TRY_NUMBER='1' AIRFLOW_CTX_DAG_RUN_ID='manual__2026-01-14T00:00:00+00:00'
[2026-01-14T05:44:21.315+0000] {pipeline.py:191} INFO - Loading stock to HDFS...
[2026-01-14T05:44:21.332+0000] {logging_mixin.py:188} WARNING - /home/airflow/.local/lib/python3.11/site-packages/airflow/utils/context.py:315 AirflowContextDeprecationWarning: Accessing 'execution_date' from the template is deprecated and will be removed in a future version. Please use 'data_interval_start' or 'logical_date' instead.
[2026-01-14T05:44:21.355+0000] {base.py:83} INFO - Using connection ID 'hdfs_default' for task execution.
[2026-01-14T05:44:21.356+0000] {webhdfs.py:82} INFO - Trying to connect to namenode:9870
[2026-01-14T05:44:21.357+0000] {webhdfs.py:86} INFO - Trying namenode namenode
[2026-01-14T05:44:21.359+0000] {client.py:192} INFO - Instantiated <InsecureClient(url='http://namenode:9870')>.
[2026-01-14T05:44:21.360+0000] {client.py:320} INFO - Fetching status for '/'.
[2026-01-14T05:44:21.368+0000] {webhdfs.py:96} INFO - Using namenode namenode for hook
[2026-01-14T05:44:21.369+0000] {client.py:551} INFO - Uploading '/opt/airflow/data/raw/stock/14-01-2026/stock.csv' to '/procurement/raw/stock/14-01-2026/stock.csv'.
[2026-01-14T05:44:21.370+0000] {client.py:1116} INFO - Listing '/procurement/raw/stock/14-01-2026/stock.csv'.
[2026-01-14T05:44:21.378+0000] {client.py:496} INFO - Writing to '/procurement/raw/stock/14-01-2026/stock.csv.temp-1768369461375468'.
[2026-01-14T05:44:21.664+0000] {client.py:902} INFO - Deleting '/procurement/raw/stock/14-01-2026/stock.csv' recursively.
[2026-01-14T05:44:21.668+0000] {client.py:937} INFO - Renaming '/procurement/raw/stock/14-01-2026/stock.csv.temp-1768369461375468' to '/procurement/raw/stock/14-01-2026/stock.csv'.
[2026-01-14T05:44:21.697+0000] {python.py:201} INFO - Done. Returned value was: {'status': 'success', 'hdfs_path': '/procurement/raw/stock/14-01-2026/stock.csv'}
[2026-01-14T05:44:21.716+0000] {taskinstance.py:1138} INFO - Marking task as SUCCESS. dag_id=procurement_daily_pipeline_sequential, task_id=load_stock, execution_date=20260114T000000, start_date=20260114T054421, end_date=20260114T054421
[2026-01-14T05:44:21.734+0000] {local_task_job_runner.py:234} INFO - Task exited with return code 0
[2026-01-14T05:44:21.752+0000] {taskinstance.py:3280} INFO - 1 downstream tasks scheduled from follow-on schedule check
